<?xml version="1.0" encoding="utf-8"?><testsuites name="pytest tests"><testsuite name="pytest" errors="0" failures="0" skipped="0" tests="8" time="2.926" timestamp="2026-03-30T16:03:06.898190+00:00" hostname="agent-env-970ae3f8-9d83-4108-bd86-9d8ba4efae2d"><testcase classname="backend.tests.test_categories_checklist.TestCategoriesEndpoints" name="test_get_categories_returns_6_defaults" time="0.707" /><testcase classname="backend.tests.test_categories_checklist.TestCategoriesEndpoints" name="test_get_category_by_id" time="0.264" /><testcase classname="backend.tests.test_categories_checklist.TestCategoriesEndpoints" name="test_get_category_not_found" time="0.141" /><testcase classname="backend.tests.test_categories_checklist.TestInterventionWithCategory" name="test_create_intervention_with_category" time="0.373" /><testcase classname="backend.tests.test_categories_checklist.TestInterventionWithCategory" name="test_save_checklist_responses" time="0.491" /><testcase classname="backend.tests.test_categories_checklist.TestInterventionWithCategory" name="test_get_intervention_with_checklist_responses" time="0.647" /><testcase classname="backend.tests.test_categories_checklist.TestInterventionWithCategory" name="test_verify_existing_intervention_checklist" time="0.117" /><testcase classname="backend.tests.test_categories_checklist.TestCategoryColors" name="test_all_categories_have_colors" time="0.120" /></testsuite></testsuites>