<?xml version="1.0" encoding="utf-8"?><testsuites name="pytest tests"><testsuite name="pytest" errors="0" failures="0" skipped="0" tests="23" time="2.327" timestamp="2026-05-05T21:33:29.264681+00:00" hostname="agent-env-970ae3f8-9d83-4108-bd86-9d8ba4efae2d"><testcase classname="tests.test_pricing_plans_iteration44.TestPlansEndpoint" name="test_plans_endpoint_returns_200" time="0.244" /><testcase classname="tests.test_pricing_plans_iteration44.TestPlansEndpoint" name="test_plans_returns_three_plans" time="0.076" /><testcase classname="tests.test_pricing_plans_iteration44.TestPlansEndpoint" name="test_startup_plan_price_49" time="0.065" /><testcase classname="tests.test_pricing_plans_iteration44.TestPlansEndpoint" name="test_pro_plan_price_79" time="0.062" /><testcase classname="tests.test_pricing_plans_iteration44.TestPlansEndpoint" name="test_enterprise_plan_price_149" time="0.082" /><testcase classname="tests.test_pricing_plans_iteration44.TestPlansEndpoint" name="test_startup_annual_price_470_40" time="0.060" /><testcase classname="tests.test_pricing_plans_iteration44.TestPlansEndpoint" name="test_pro_annual_price_758_40" time="0.069" /><testcase classname="tests.test_pricing_plans_iteration44.TestPlansEndpoint" name="test_enterprise_annual_price_1430_40" time="0.068" /><testcase classname="tests.test_pricing_plans_iteration44.TestPlanLimits" name="test_startup_limits" time="0.073" /><testcase classname="tests.test_pricing_plans_iteration44.TestPlanLimits" name="test_pro_limits" time="0.051" /><testcase classname="tests.test_pricing_plans_iteration44.TestPlanLimits" name="test_enterprise_limits_unlimited" time="0.122" /><testcase classname="tests.test_pricing_plans_iteration44.TestUsageEndpoint" name="test_usage_endpoint_requires_auth" time="0.069" /><testcase classname="tests.test_pricing_plans_iteration44.TestUsageEndpoint" name="test_usage_endpoint_returns_200_with_auth" time="0.493" /><testcase classname="tests.test_pricing_plans_iteration44.TestUsageEndpoint" name="test_usage_returns_plan_info" time="0.071" /><testcase classname="tests.test_pricing_plans_iteration44.TestUsageEndpoint" name="test_usage_returns_correct_limits_for_enterprise" time="0.075" /><testcase classname="tests.test_pricing_plans_iteration44.TestUsageEndpoint" name="test_usage_returns_sms_included" time="0.075" /><testcase classname="tests.test_pricing_plans_iteration44.TestPlanFeatures" name="test_pro_has_50_sms" time="0.075" /><testcase classname="tests.test_pricing_plans_iteration44.TestPlanFeatures" name="test_enterprise_has_500_sms" time="0.075" /><testcase classname="tests.test_pricing_plans_iteration44.TestPlanFeatures" name="test_pro_has_4_categories_in_features" time="0.079" /><testcase classname="tests.test_pricing_plans_iteration44.TestPlanFeatures" name="test_enterprise_has_unlimited_categories_in_features" time="0.046" /><testcase classname="tests.test_pricing_plans_iteration44.TestExtraTechnicianPricing" name="test_startup_extra_tech_price_5" time="0.074" /><testcase classname="tests.test_pricing_plans_iteration44.TestExtraTechnicianPricing" name="test_pro_extra_tech_price_5" time="0.073" /><testcase classname="tests.test_pricing_plans_iteration44.TestExtraTechnicianPricing" name="test_enterprise_extra_tech_price_0" time="0.063" /></testsuite></testsuites>