<?xml version="1.0" encoding="utf-8"?><testsuites name="pytest tests"><testsuite name="pytest" errors="0" failures="1" skipped="0" tests="10" time="6.190" timestamp="2026-05-05T22:07:46.960446+00:00" hostname="agent-env-970ae3f8-9d83-4108-bd86-9d8ba4efae2d"><testcase classname="backend.tests.test_tech_invites.TestTechnicianInvites" name="test_01_login_success" time="0.944" /><testcase classname="backend.tests.test_tech_invites.TestTechnicianInvites" name="test_02_get_invites_list" time="0.463" /><testcase classname="backend.tests.test_tech_invites.TestTechnicianInvites" name="test_03_create_sms_invite" time="0.499" /><testcase classname="backend.tests.test_tech_invites.TestTechnicianInvites" name="test_04_create_invite_duplicate_phone_fails" time="0.584" /><testcase classname="backend.tests.test_tech_invites.TestTechnicianInvites" name="test_05_cancel_invite" time="0.586" /><testcase classname="backend.tests.test_tech_invites.TestTechnicianInvites" name="test_06_resend_invite" time="1.095" /><testcase classname="backend.tests.test_tech_invites.TestTechnicianInvites" name="test_07_cancel_nonexistent_invite_fails" time="0.432" /><testcase classname="backend.tests.test_tech_invites.TestTechnicianInvites" name="test_08_resend_nonexistent_invite_fails" time="0.433" /><testcase classname="backend.tests.test_tech_invites.TestTechnicianInvites" name="test_09_invite_requires_phone_for_sms" time="0.626"><failure message="AssertionError: Should reject empty phone: 200&#10;assert 200 in [400, 422]&#10; +  where 200 = &lt;Response [200]&gt;.status_code">backend/tests/test_tech_invites.py:219: in test_09_invite_requires_phone_for_sms
    assert response.status_code in [400, 422], f"Should reject empty phone: {response.status_code}"
E   AssertionError: Should reject empty phone: 200
E   assert 200 in [400, 422]
E    +  where 200 = &lt;Response [200]&gt;.status_code</failure></testcase><testcase classname="backend.tests.test_tech_invites.TestTechnicianInvites" name="test_10_get_users_list" time="0.442" /></testsuite></testsuites>