<?xml version="1.0" encoding="utf-8"?><testsuites name="pytest tests"><testsuite name="pytest" errors="0" failures="0" skipped="0" tests="6" time="5.258" timestamp="2026-03-30T15:49:14.613646+00:00" hostname="agent-env-970ae3f8-9d83-4108-bd86-9d8ba4efae2d"><testcase classname="backend.tests.test_smart_assignment.TestSmartAssignment" name="test_create_intervention_without_technician" time="0.855" /><testcase classname="backend.tests.test_smart_assignment.TestSmartAssignment" name="test_get_available_interventions" time="0.467" /><testcase classname="backend.tests.test_smart_assignment.TestSmartAssignment" name="test_today_includes_available_for_tech" time="0.844" /><testcase classname="backend.tests.test_smart_assignment.TestSmartAssignment" name="test_claim_intervention_success" time="1.114" /><testcase classname="backend.tests.test_smart_assignment.TestSmartAssignment" name="test_claim_already_assigned_returns_409" time="0.932" /><testcase classname="backend.tests.test_smart_assignment.TestSmartAssignment" name="test_claimed_intervention_not_in_available" time="0.983" /></testsuite></testsuites>