<?xml version="1.0" encoding="utf-8"?><testsuites name="pytest tests"><testsuite name="pytest" errors="0" failures="0" skipped="0" tests="15" time="2.968" timestamp="2026-03-30T17:30:26.604494+00:00" hostname="agent-env-970ae3f8-9d83-4108-bd86-9d8ba4efae2d"><testcase classname="backend.tests.test_client_portal.TestClientPortalDashboard" name="test_portal_dashboard_valid_token" time="0.175" /><testcase classname="backend.tests.test_client_portal.TestClientPortalDashboard" name="test_portal_dashboard_invalid_token" time="0.054" /><testcase classname="backend.tests.test_client_portal.TestClientPortalDashboard" name="test_portal_dashboard_devis_list" time="0.056" /><testcase classname="backend.tests.test_client_portal.TestClientPortalDashboard" name="test_portal_dashboard_factures_list" time="0.131" /><testcase classname="backend.tests.test_client_portal.TestPortalFactureDetail" name="test_portal_facture_detail_valid" time="0.118" /><testcase classname="backend.tests.test_client_portal.TestPortalFactureDetail" name="test_portal_facture_detail_invalid_token" time="0.113" /><testcase classname="backend.tests.test_client_portal.TestPortalFactureDetail" name="test_portal_facture_detail_wrong_client" time="0.058" /><testcase classname="backend.tests.test_client_portal.TestPortalFacturePDF" name="test_portal_facture_pdf_download" time="0.176" /><testcase classname="backend.tests.test_client_portal.TestPortalFacturePDF" name="test_portal_facture_pdf_invalid_token" time="0.116" /><testcase classname="backend.tests.test_client_portal.TestClientPortalLink" name="test_get_portal_link_existing_token" time="0.505" /><testcase classname="backend.tests.test_client_portal.TestClientPortalLink" name="test_get_portal_link_generates_token_for_new_client" time="0.979" /><testcase classname="backend.tests.test_client_portal.TestClientPortalLink" name="test_get_portal_link_requires_auth" time="0.119" /><testcase classname="backend.tests.test_client_portal.TestClientPortalLink" name="test_get_portal_link_invalid_client" time="0.071" /><testcase classname="backend.tests.test_client_portal.TestPortalSummaryCalculations" name="test_summary_montant_du_calculation" time="0.122" /><testcase classname="backend.tests.test_client_portal.TestPortalSummaryCalculations" name="test_summary_devis_counts" time="0.090" /></testsuite></testsuites>