<?xml version="1.0" encoding="utf-8"?><testsuites name="pytest tests"><testsuite name="pytest" errors="0" failures="0" skipped="0" tests="16" time="4.280" timestamp="2026-03-30T18:43:27.654922+00:00" hostname="agent-env-970ae3f8-9d83-4108-bd86-9d8ba4efae2d"><testcase classname="backend.tests.test_skills_matching.TestSkillsAPIEndpoints" name="test_get_categories_returns_all_categories" time="0.623" /><testcase classname="backend.tests.test_skills_matching.TestSkillsAPIEndpoints" name="test_get_user_skills_returns_skill_ids_and_details" time="0.279" /><testcase classname="backend.tests.test_skills_matching.TestSkillsAPIEndpoints" name="test_get_user_skills_empty_for_polyvalent_tech" time="0.184" /><testcase classname="backend.tests.test_skills_matching.TestSkillsAPIEndpoints" name="test_update_user_skills_admin_only" time="0.650" /><testcase classname="backend.tests.test_skills_matching.TestSkillsAPIEndpoints" name="test_update_skills_validates_category_ids" time="0.125" /><testcase classname="backend.tests.test_skills_matching.TestSkillsAPIEndpoints" name="test_update_skills_returns_updated_user" time="0.122" /><testcase classname="backend.tests.test_skills_matching.TestSkillsBasedInterventionFiltering" name="test_available_interventions_filtered_by_skills" time="0.241" /><testcase classname="backend.tests.test_skills_matching.TestSkillsBasedInterventionFiltering" name="test_today_interventions_filtered_by_skills" time="0.117" /><testcase classname="backend.tests.test_skills_matching.TestSkillsBasedInterventionFiltering" name="test_interventions_with_include_available_filtered" time="0.260" /><testcase classname="backend.tests.test_skills_matching.TestSkillsMatchingScenarios" name="test_jean_dupont_sees_plomberie_electricite_interventions" time="0.641" /><testcase classname="backend.tests.test_skills_matching.TestSkillsMatchingScenarios" name="test_polyvalent_tech_sees_all_interventions" time="0.113" /><testcase classname="backend.tests.test_skills_matching.TestSkillsMatchingScenarios" name="test_create_intervention_without_category_visible_to_all" time="0.533" /><testcase classname="backend.tests.test_skills_matching.TestSkillsUIDataIntegrity" name="test_user_response_includes_skills_field" time="0.110" /><testcase classname="backend.tests.test_skills_matching.TestSkillsUIDataIntegrity" name="test_skills_are_valid_category_ids" time="0.101" /><testcase classname="backend.tests.test_skills_matching.TestSkillsUIDataIntegrity" name="test_category_colors_for_badges" time="0.000" /><testcase classname="backend.tests.test_skills_matching.TestRestoreOriginalSkills" name="test_restore_jean_dupont_skills" time="0.102" /></testsuite></testsuites>