<?xml version="1.0" encoding="utf-8"?><testsuites name="pytest tests"><testsuite name="pytest" errors="0" failures="0" skipped="0" tests="14" time="5.295" timestamp="2026-04-22T13:45:42.584062+00:00" hostname="agent-env-970ae3f8-9d83-4108-bd86-9d8ba4efae2d"><testcase classname="backend.tests.test_2fa_iteration35.Test2FAStatus" name="test_2fa_status_endpoint_exists" time="0.452" /><testcase classname="backend.tests.test_2fa_iteration35.Test2FAStatus" name="test_2fa_status_requires_auth" time="0.464" /><testcase classname="backend.tests.test_2fa_iteration35.Test2FASetupTOTP" name="test_setup_totp_returns_qr_code" time="0.480" /><testcase classname="backend.tests.test_2fa_iteration35.Test2FASetupTOTP" name="test_setup_totp_invalid_method" time="0.402" /><testcase classname="backend.tests.test_2fa_iteration35.Test2FASetupEmail" name="test_setup_email_sends_code" time="0.665" /><testcase classname="backend.tests.test_2fa_iteration35.Test2FAVerifySetup" name="test_verify_setup_endpoint_exists" time="0.397" /><testcase classname="backend.tests.test_2fa_iteration35.Test2FAVerifySetup" name="test_verify_setup_requires_auth" time="0.477" /><testcase classname="backend.tests.test_2fa_iteration35.TestLoginWithout2FA" name="test_login_returns_access_token" time="0.350" /><testcase classname="backend.tests.test_2fa_iteration35.TestLoginWithout2FA" name="test_login_wrong_password" time="0.341" /><testcase classname="backend.tests.test_2fa_iteration35.Test2FAVerifyLogin" name="test_verify_login_endpoint_exists" time="0.108" /><testcase classname="backend.tests.test_2fa_iteration35.Test2FAVerifyLogin" name="test_verify_login_invalid_token" time="0.149" /><testcase classname="backend.tests.test_2fa_iteration35.Test2FABackupCodes" name="test_backup_codes_endpoint_exists" time="0.397" /><testcase classname="backend.tests.test_2fa_iteration35.Test2FADisable" name="test_disable_endpoint_exists" time="0.414" /><testcase classname="backend.tests.test_2fa_iteration35.Test2FASendLoginCode" name="test_send_login_code_endpoint_exists" time="0.145" /></testsuite></testsuites>