<?xml version="1.0" encoding="utf-8"?><testsuites name="pytest tests"><testsuite name="pytest" errors="0" failures="0" skipped="1" tests="21" time="4.623" timestamp="2026-04-22T12:34:36.133631+00:00" hostname="agent-env-970ae3f8-9d83-4108-bd86-9d8ba4efae2d"><testcase classname="tests.test_import_history_rollback_iteration33.TestImportHistoryAndRollback" name="test_01_get_import_history" time="0.492" /><testcase classname="tests.test_import_history_rollback_iteration33.TestImportHistoryAndRollback" name="test_02_get_import_history_with_limit" time="0.392" /><testcase classname="tests.test_import_history_rollback_iteration33.TestImportHistoryAndRollback" name="test_03_import_history_structure" time="0.411" /><testcase classname="tests.test_import_history_rollback_iteration33.TestImportHistoryAndRollback" name="test_04_create_import_and_verify_history" time="0.613" /><testcase classname="tests.test_import_history_rollback_iteration33.TestImportHistoryAndRollback" name="test_05_get_import_details" time="0.454" /><testcase classname="tests.test_import_history_rollback_iteration33.TestImportHistoryAndRollback" name="test_06_get_import_details_not_found" time="0.400" /><testcase classname="tests.test_import_history_rollback_iteration33.TestImportHistoryAndRollback" name="test_07_rollback_import" time="0.398" /><testcase classname="tests.test_import_history_rollback_iteration33.TestImportHistoryAndRollback" name="test_08_rollback_already_rolled_back" time="0.392"><skipped type="pytest.skip" message="No rolled back import to test">/app/backend/tests/test_import_history_rollback_iteration33.py:228: No rolled back import to test</skipped></testcase><testcase classname="tests.test_import_history_rollback_iteration33.TestImportHistoryAndRollback" name="test_09_rollback_not_found" time="0.406" /><testcase classname="tests.test_import_history_rollback_iteration33.TestImportHistoryAndRollback" name="test_10_delete_import_history" time="0.581" /><testcase classname="tests.test_import_history_rollback_iteration33.TestS3EnvironmentVariables" name="test_01_s3_endpoint_variable" time="0.000" /><testcase classname="tests.test_import_history_rollback_iteration33.TestS3EnvironmentVariables" name="test_02_s3_access_key_variable" time="0.000" /><testcase classname="tests.test_import_history_rollback_iteration33.TestS3EnvironmentVariables" name="test_03_s3_secret_key_variable" time="0.000" /><testcase classname="tests.test_import_history_rollback_iteration33.TestS3EnvironmentVariables" name="test_04_s3_bucket_variable" time="0.000" /><testcase classname="tests.test_import_history_rollback_iteration33.TestS3EnvironmentVariables" name="test_05_s3_region_variable" time="0.000" /><testcase classname="tests.test_import_history_rollback_iteration33.TestS3EnvironmentVariables" name="test_06_s3_public_url_variable" time="0.000" /><testcase classname="tests.test_import_history_rollback_iteration33.TestCronTrialReminders" name="test_01_cron_script_exists" time="0.000" /><testcase classname="tests.test_import_history_rollback_iteration33.TestCronTrialReminders" name="test_02_cron_script_has_shebang" time="0.000" /><testcase classname="tests.test_import_history_rollback_iteration33.TestCronTrialReminders" name="test_03_cron_script_imports" time="0.004" /><testcase classname="tests.test_import_history_rollback_iteration33.TestCronTrialReminders" name="test_04_cron_script_has_main_block" time="0.000" /><testcase classname="tests.test_import_history_rollback_iteration33.TestCronTrialReminders" name="test_05_cron_script_handles_j3_j1_j0" time="0.000" /></testsuite></testsuites>