<?xml version="1.0" encoding="utf-8"?><testsuites name="pytest tests"><testsuite name="pytest" errors="0" failures="0" skipped="0" tests="12" time="4.674" timestamp="2026-03-24T09:02:55.877892+00:00" hostname="agent-env-970ae3f8-9d83-4108-bd86-9d8ba4efae2d"><testcase classname="backend.tests.test_pwa_sms_features.TestPWAFeatures" name="test_manifest_accessible" time="0.192" /><testcase classname="backend.tests.test_pwa_sms_features.TestPWAFeatures" name="test_manifest_valid_json" time="0.094" /><testcase classname="backend.tests.test_pwa_sms_features.TestPWAFeatures" name="test_manifest_content" time="0.103" /><testcase classname="backend.tests.test_pwa_sms_features.TestPWAFeatures" name="test_service_worker_accessible" time="0.097" /><testcase classname="backend.tests.test_pwa_sms_features.TestPWAFeatures" name="test_service_worker_content" time="0.095" /><testcase classname="backend.tests.test_pwa_sms_features.TestSMSAPIEndpoints" name="test_sms_status_endpoint" time="0.546" /><testcase classname="backend.tests.test_pwa_sms_features.TestSMSAPIEndpoints" name="test_sms_intervention_reminder_endpoint_exists" time="0.559" /><testcase classname="backend.tests.test_pwa_sms_features.TestSMSAPIEndpoints" name="test_sms_devis_notification_endpoint_exists" time="0.708" /><testcase classname="backend.tests.test_pwa_sms_features.TestSMSAPIEndpoints" name="test_sms_facture_notification_endpoint_exists" time="0.740" /><testcase classname="backend.tests.test_pwa_sms_features.TestSMSAPIEndpoints" name="test_sms_facture_reminder_endpoint_exists" time="0.605" /><testcase classname="backend.tests.test_pwa_sms_features.TestTechnicianAppAPI" name="test_interventions_today_endpoint" time="0.428" /><testcase classname="backend.tests.test_pwa_sms_features.TestTechnicianAppAPI" name="test_interventions_week_filter" time="0.441" /></testsuite></testsuites>