<?xml version="1.0" encoding="utf-8"?><testsuites name="pytest tests"><testsuite name="pytest" errors="0" failures="0" skipped="0" tests="12" time="6.721" timestamp="2026-04-28T13:07:26.025821+00:00" hostname="agent-env-970ae3f8-9d83-4108-bd86-9d8ba4efae2d"><testcase classname="backend.tests.test_document_settings_coherence.TestDocumentSettingsCoherence" name="test_01_login_success" time="0.433" /><testcase classname="backend.tests.test_document_settings_coherence.TestDocumentSettingsCoherence" name="test_02_get_document_settings" time="0.557" /><testcase classname="backend.tests.test_document_settings_coherence.TestDocumentSettingsCoherence" name="test_03_get_devis_defaults" time="0.411" /><testcase classname="backend.tests.test_document_settings_coherence.TestDocumentSettingsCoherence" name="test_04_get_facture_defaults" time="0.567" /><testcase classname="backend.tests.test_document_settings_coherence.TestDocumentSettingsCoherence" name="test_05_update_document_settings" time="0.526" /><testcase classname="backend.tests.test_document_settings_coherence.TestDocumentSettingsCoherence" name="test_06_devis_defaults_reflect_settings" time="0.502" /><testcase classname="backend.tests.test_document_settings_coherence.TestDocumentSettingsCoherence" name="test_07_create_devis_uses_global_defaults" time="0.606" /><testcase classname="backend.tests.test_document_settings_coherence.TestDocumentSettingsCoherence" name="test_08_create_devis_local_overrides_global" time="0.552" /><testcase classname="backend.tests.test_document_settings_coherence.TestDocumentSettingsCoherence" name="test_09_create_devis_partial_local_values" time="0.705" /><testcase classname="backend.tests.test_document_settings_coherence.TestDocumentSettingsCoherence" name="test_10_empty_local_values_use_global" time="0.622" /><testcase classname="backend.tests.test_document_settings_coherence.TestDocumentSettingsCoherence" name="test_11_get_all_settings_includes_documents" time="0.487" /><testcase classname="backend.tests.test_document_settings_coherence.TestDocumentSettingsCoherence" name="test_12_devis_pdf_includes_message_client" time="0.668" /></testsuite></testsuites>