<?xml version="1.0" encoding="utf-8"?><testsuites name="pytest tests"><testsuite name="pytest" errors="0" failures="0" skipped="2" tests="16" time="2.913" timestamp="2026-04-03T12:16:03.237939+00:00" hostname="agent-env-970ae3f8-9d83-4108-bd86-9d8ba4efae2d"><testcase classname="backend.tests.test_bug_fixes_iteration28.TestBug1StartInterventionGeoData" name="test_start_intervention_with_direct_geo_data" time="0.778" /><testcase classname="backend.tests.test_bug_fixes_iteration28.TestBug1StartInterventionGeoData" name="test_start_intervention_without_geo_data" time="0.242" /><testcase classname="backend.tests.test_bug_fixes_iteration28.TestBug3TimezoneWindow" name="test_today_interventions_endpoint_works" time="0.098" /><testcase classname="backend.tests.test_bug_fixes_iteration28.TestBug3TimezoneWindow" name="test_today_interventions_includes_client_data" time="0.104" /><testcase classname="backend.tests.test_bug_fixes_iteration28.TestBug4DashboardStats" name="test_dashboard_stats_endpoint" time="0.146" /><testcase classname="backend.tests.test_bug_fixes_iteration28.TestBug4DashboardStats" name="test_dashboard_stats_has_all_required_fields" time="0.106" /><testcase classname="backend.tests.test_bug_fixes_iteration28.TestBug4DashboardStats" name="test_dashboard_alerts_endpoint" time="0.102" /><testcase classname="backend.tests.test_bug_fixes_iteration28.TestBug4DashboardStats" name="test_dashboard_recent_endpoint" time="0.114" /><testcase classname="backend.tests.test_bug_fixes_iteration28.TestBug5DevisPDFWithInterventionData" name="test_devis_pdf_endpoint_works" time="0.102"><skipped type="pytest.skip" message="No devis available to test PDF generation">/app/backend/tests/test_bug_fixes_iteration28.py:269: No devis available to test PDF generation</skipped></testcase><testcase classname="backend.tests.test_bug_fixes_iteration28.TestBug5DevisPDFWithInterventionData" name="test_generate_devis_pdf_function_accepts_intervention_params" time="0.158" /><testcase classname="backend.tests.test_bug_fixes_iteration28.TestBug6FacturePDFWithPortalURL" name="test_facture_pdf_endpoint_works" time="0.130"><skipped type="pytest.skip" message="No factures available to test PDF generation">/app/backend/tests/test_bug_fixes_iteration28.py:315: No factures available to test PDF generation</skipped></testcase><testcase classname="backend.tests.test_bug_fixes_iteration28.TestBug6FacturePDFWithPortalURL" name="test_generate_facture_pdf_function_accepts_portal_url" time="0.000" /><testcase classname="backend.tests.test_bug_fixes_iteration28.TestNewSSEEndpoint" name="test_sse_endpoint_requires_token" time="0.113" /><testcase classname="backend.tests.test_bug_fixes_iteration28.TestNewSSEEndpoint" name="test_sse_endpoint_with_valid_token" time="0.098" /><testcase classname="backend.tests.test_bug_fixes_iteration28.TestNewSSEEndpoint" name="test_sse_connections_endpoint" time="0.094" /><testcase classname="backend.tests.test_bug_fixes_iteration28.TestInterventionWorkflow" name="test_create_start_complete_intervention" time="0.443" /></testsuite></testsuites>