<?xml version="1.0" encoding="utf-8"?><testsuites name="pytest tests"><testsuite name="pytest" errors="0" failures="0" skipped="0" tests="11" time="2.757" timestamp="2026-03-30T17:52:55.003867+00:00" hostname="agent-env-970ae3f8-9d83-4108-bd86-9d8ba4efae2d"><testcase classname="backend.tests.test_portal_payment.TestPortalPaymentEndpoints" name="test_payment_endpoint_returns_stripe_url" time="0.694" /><testcase classname="backend.tests.test_portal_payment.TestPortalPaymentEndpoints" name="test_payment_endpoint_rejects_zero_amount" time="0.117" /><testcase classname="backend.tests.test_portal_payment.TestPortalPaymentEndpoints" name="test_payment_endpoint_requires_valid_token" time="0.154" /><testcase classname="backend.tests.test_portal_payment.TestPortalPaymentEndpoints" name="test_payment_endpoint_requires_token" time="0.121" /><testcase classname="backend.tests.test_portal_payment.TestPortalPaymentEndpoints" name="test_payment_endpoint_rejects_nonexistent_facture" time="0.127" /><testcase classname="backend.tests.test_portal_payment.TestPortalPaymentEndpoints" name="test_payment_for_300_euro_facture" time="0.454" /><testcase classname="backend.tests.test_portal_payment.TestPaymentStatusEndpoint" name="test_payment_status_requires_valid_token" time="0.131" /><testcase classname="backend.tests.test_portal_payment.TestPaymentStatusEndpoint" name="test_payment_status_requires_session_id" time="0.125" /><testcase classname="backend.tests.test_portal_payment.TestClientPortalData" name="test_portal_returns_factures_with_amounts" time="0.137" /><testcase classname="backend.tests.test_portal_payment.TestClientPortalData" name="test_portal_summary_includes_amount_due" time="0.131" /><testcase classname="backend.tests.test_portal_payment.TestStripeConfiguration" name="test_stripe_api_key_configured" time="0.515" /></testsuite></testsuites>