<?xml version="1.0" encoding="utf-8"?><testsuites name="pytest tests"><testsuite name="pytest" errors="0" failures="0" skipped="0" tests="11" time="3.796" timestamp="2026-04-03T12:01:05.440079+00:00" hostname="agent-env-970ae3f8-9d83-4108-bd86-9d8ba4efae2d"><testcase classname="backend.tests.test_bug_fixes_iteration27.TestBugFixes" name="test_start_intervention_with_direct_geo_data" time="0.733" /><testcase classname="backend.tests.test_bug_fixes_iteration27.TestBugFixes" name="test_start_intervention_without_geo_data" time="0.435" /><testcase classname="backend.tests.test_bug_fixes_iteration27.TestBugFixes" name="test_today_interventions_timezone_window" time="0.116" /><testcase classname="backend.tests.test_bug_fixes_iteration27.TestBugFixes" name="test_today_interventions_includes_midnight_interventions" time="0.408" /><testcase classname="backend.tests.test_bug_fixes_iteration27.TestBugFixes" name="test_dashboard_stats_endpoint" time="0.104" /><testcase classname="backend.tests.test_bug_fixes_iteration27.TestBugFixes" name="test_dashboard_stats_has_all_required_fields" time="0.109" /><testcase classname="backend.tests.test_bug_fixes_iteration27.TestBugFixes" name="test_dashboard_alerts_endpoint" time="0.110" /><testcase classname="backend.tests.test_bug_fixes_iteration27.TestBugFixes" name="test_dashboard_recent_endpoint" time="0.122" /><testcase classname="backend.tests.test_bug_fixes_iteration27.TestBugFixes" name="test_dashboard_recent_has_client_names" time="0.201" /><testcase classname="backend.tests.test_bug_fixes_iteration27.TestDashboardStatsValues" name="test_stats_not_all_zeros" time="0.458" /><testcase classname="backend.tests.test_bug_fixes_iteration27.TestInterventionStartGeoValidation" name="test_start_with_partial_geo_data" time="0.922" /></testsuite></testsuites>