<?xml version="1.0" encoding="utf-8"?><testsuites name="pytest tests"><testsuite name="pytest" errors="0" failures="0" skipped="0" tests="18" time="8.759" timestamp="2026-03-30T18:27:28.590705+00:00" hostname="agent-env-970ae3f8-9d83-4108-bd86-9d8ba4efae2d"><testcase classname="backend.tests.test_analytics.TestAnalyticsEndpoints" name="test_revenue_analytics_default_period" time="0.551" /><testcase classname="backend.tests.test_analytics.TestAnalyticsEndpoints" name="test_revenue_analytics_week_period" time="0.414" /><testcase classname="backend.tests.test_analytics.TestAnalyticsEndpoints" name="test_revenue_analytics_quarter_period" time="0.469" /><testcase classname="backend.tests.test_analytics.TestAnalyticsEndpoints" name="test_revenue_analytics_year_period" time="0.411" /><testcase classname="backend.tests.test_analytics.TestAnalyticsEndpoints" name="test_intervention_analytics" time="0.407" /><testcase classname="backend.tests.test_analytics.TestAnalyticsEndpoints" name="test_intervention_analytics_by_period" time="0.799" /><testcase classname="backend.tests.test_analytics.TestAnalyticsEndpoints" name="test_technician_performance" time="0.407" /><testcase classname="backend.tests.test_analytics.TestAnalyticsEndpoints" name="test_client_analytics" time="0.452" /><testcase classname="backend.tests.test_analytics.TestAnalyticsEndpoints" name="test_devis_analytics" time="0.394" /><testcase classname="backend.tests.test_analytics.TestAnalyticsEndpoints" name="test_trends_revenue" time="0.438" /><testcase classname="backend.tests.test_analytics.TestAnalyticsEndpoints" name="test_trends_interventions" time="0.479" /><testcase classname="backend.tests.test_analytics.TestAnalyticsEndpoints" name="test_trends_devis" time="0.480" /><testcase classname="backend.tests.test_analytics.TestAnalyticsEndpoints" name="test_trends_invalid_metric" time="0.375" /><testcase classname="backend.tests.test_analytics.TestAnalyticsEndpoints" name="test_trends_custom_days" time="0.415" /><testcase classname="backend.tests.test_analytics.TestAnalyticsEndpoints" name="test_analytics_summary" time="0.437" /><testcase classname="backend.tests.test_analytics.TestAnalyticsEndpoints" name="test_analytics_summary_with_period" time="0.595" /><testcase classname="backend.tests.test_analytics.TestAnalyticsAuthorization" name="test_analytics_requires_auth" time="0.433" /><testcase classname="backend.tests.test_analytics.TestAnalyticsAuthorization" name="test_analytics_admin_only" time="0.714" /></testsuite></testsuites>