<?xml version="1.0" encoding="utf-8"?><testsuites name="pytest tests"><testsuite name="pytest" errors="0" failures="6" skipped="0" tests="24" time="9.650" timestamp="2026-03-30T23:02:51.744483+00:00" hostname="agent-env-970ae3f8-9d83-4108-bd86-9d8ba4efae2d"><testcase classname="tests.test_final_comprehensive.TestPlansAPI" name="test_get_plans_returns_3_plans" time="0.230" /><testcase classname="tests.test_final_comprehensive.TestPlansAPI" name="test_plans_have_correct_ids" time="0.149" /><testcase classname="tests.test_final_comprehensive.TestPlansAPI" name="test_plans_have_correct_prices" time="0.133" /><testcase classname="tests.test_final_comprehensive.TestPlansAPI" name="test_plans_have_limits" time="0.109" /><testcase classname="tests.test_final_comprehensive.TestAuthAPI" name="test_admin_login_success" time="0.370" /><testcase classname="tests.test_final_comprehensive.TestAuthAPI" name="test_tech_login_success" time="0.352" /><testcase classname="tests.test_final_comprehensive.TestAuthAPI" name="test_login_invalid_credentials" time="0.103" /><testcase classname="tests.test_final_comprehensive.TestAuthAPI" name="test_login_returns_entreprise_info" time="0.328" /><testcase classname="tests.test_final_comprehensive.TestDashboardAPI" name="test_dashboard_stats" time="0.510"><failure message="assert 404 == 200&#10; +  where 404 = &lt;Response [404]&gt;.status_code">tests/test_final_comprehensive.py:117: in test_dashboard_stats
    assert response.status_code == 200
E   assert 404 == 200
E    +  where 404 = &lt;Response [404]&gt;.status_code</failure></testcase><testcase classname="tests.test_final_comprehensive.TestDashboardAPI" name="test_dashboard_alerts" time="0.483"><failure message="assert 404 == 200&#10; +  where 404 = &lt;Response [404]&gt;.status_code">tests/test_final_comprehensive.py:126: in test_dashboard_alerts
    assert response.status_code == 200
E   assert 404 == 200
E    +  where 404 = &lt;Response [404]&gt;.status_code</failure></testcase><testcase classname="tests.test_final_comprehensive.TestDashboardAPI" name="test_dashboard_recent" time="0.476"><failure message="assert 404 == 200&#10; +  where 404 = &lt;Response [404]&gt;.status_code">tests/test_final_comprehensive.py:133: in test_dashboard_recent
    assert response.status_code == 200
E   assert 404 == 200
E    +  where 404 = &lt;Response [404]&gt;.status_code</failure></testcase><testcase classname="tests.test_final_comprehensive.TestClientsAPI" name="test_list_clients" time="0.440" /><testcase classname="tests.test_final_comprehensive.TestClientsAPI" name="test_create_and_get_client" time="0.722" /><testcase classname="tests.test_final_comprehensive.TestInterventionsAPI" name="test_list_interventions" time="0.473" /><testcase classname="tests.test_final_comprehensive.TestInterventionsAPI" name="test_today_interventions" time="0.487" /><testcase classname="tests.test_final_comprehensive.TestDevisAPI" name="test_list_devis" time="0.458" /><testcase classname="tests.test_final_comprehensive.TestFacturesAPI" name="test_list_factures" time="0.473" /><testcase classname="tests.test_final_comprehensive.TestTechniciansAPI" name="test_list_technicians" time="0.450"><failure message="assert 404 == 200&#10; +  where 404 = &lt;Response [404]&gt;.status_code">tests/test_final_comprehensive.py:263: in test_list_technicians
    assert response.status_code == 200
E   assert 404 == 200
E    +  where 404 = &lt;Response [404]&gt;.status_code</failure></testcase><testcase classname="tests.test_final_comprehensive.TestCategoriesAPI" name="test_list_categories" time="0.429" /><testcase classname="tests.test_final_comprehensive.TestAnalyticsAPI" name="test_analytics_overview" time="0.472"><failure message="assert 404 == 200&#10; +  where 404 = &lt;Response [404]&gt;.status_code">tests/test_final_comprehensive.py:301: in test_analytics_overview
    assert response.status_code == 200
E   assert 404 == 200
E    +  where 404 = &lt;Response [404]&gt;.status_code</failure></testcase><testcase classname="tests.test_final_comprehensive.TestPlanUsageAPI" name="test_plan_usage" time="0.507"><failure message="assert 404 == 200&#10; +  where 404 = &lt;Response [404]&gt;.status_code">tests/test_final_comprehensive.py:319: in test_plan_usage
    assert response.status_code == 200
E   assert 404 == 200
E    +  where 404 = &lt;Response [404]&gt;.status_code</failure></testcase><testcase classname="tests.test_final_comprehensive.TestTechnicianAppAPI" name="test_tech_today_interventions" time="0.485" /><testcase classname="tests.test_final_comprehensive.TestTechnicianAppAPI" name="test_tech_list_clients" time="0.440" /><testcase classname="tests.test_final_comprehensive.TestSitesAPI" name="test_list_sites" time="0.439" /></testsuite></testsuites>