<?xml version="1.0" encoding="utf-8"?><testsuites name="pytest tests"><testsuite name="pytest" errors="0" failures="0" skipped="0" tests="16" time="7.066" timestamp="2026-03-24T08:51:16.014334+00:00" hostname="agent-env-970ae3f8-9d83-4108-bd86-9d8ba4efae2d"><testcase classname="backend.tests.test_planning_tech.TestAuth" name="test_login_success" time="0.393" /><testcase classname="backend.tests.test_planning_tech.TestAuth" name="test_login_invalid_credentials" time="0.103" /><testcase classname="backend.tests.test_planning_tech.TestInterventionsAPI" name="test_get_interventions_list" time="0.416" /><testcase classname="backend.tests.test_planning_tech.TestInterventionsAPI" name="test_get_interventions_with_date_filter" time="0.425" /><testcase classname="backend.tests.test_planning_tech.TestInterventionsAPI" name="test_get_interventions_with_status_filter" time="0.427" /><testcase classname="backend.tests.test_planning_tech.TestInterventionsAPI" name="test_intervention_data_structure" time="0.430" /><testcase classname="backend.tests.test_planning_tech.TestTodayInterventionsAPI" name="test_get_today_interventions" time="0.413" /><testcase classname="backend.tests.test_planning_tech.TestTodayInterventionsAPI" name="test_today_interventions_enriched_with_client" time="0.438" /><testcase classname="backend.tests.test_planning_tech.TestInterventionUpdate" name="test_update_intervention_date" time="0.630" /><testcase classname="backend.tests.test_planning_tech.TestInterventionUpdate" name="test_update_intervention_technicien" time="0.524" /><testcase classname="backend.tests.test_planning_tech.TestInterventionUpdate" name="test_update_nonexistent_intervention" time="0.410" /><testcase classname="backend.tests.test_planning_tech.TestUsersAPI" name="test_get_users_list" time="0.409" /><testcase classname="backend.tests.test_planning_tech.TestUsersAPI" name="test_users_have_role_field" time="0.449" /><testcase classname="backend.tests.test_planning_tech.TestInterventionActions" name="test_start_intervention_requires_technicien" time="0.501" /><testcase classname="backend.tests.test_planning_tech.TestInterventionActions" name="test_complete_intervention_requires_technicien" time="0.500" /><testcase classname="backend.tests.test_planning_tech.TestInterventionPhotos" name="test_get_intervention_photos" time="0.534" /></testsuite></testsuites>