<?xml version="1.0" encoding="utf-8"?><testsuites name="pytest tests"><testsuite name="pytest" errors="0" failures="0" skipped="0" tests="12" time="2.787" timestamp="2026-04-22T12:48:54.886231+00:00" hostname="agent-env-970ae3f8-9d83-4108-bd86-9d8ba4efae2d"><testcase classname="backend.tests.test_security_auth_iteration34.TestDirectRegistrationDisabled" name="test_register_returns_403" time="0.137" /><testcase classname="backend.tests.test_security_auth_iteration34.TestDirectRegistrationDisabled" name="test_register_with_different_payload" time="0.120" /><testcase classname="backend.tests.test_security_auth_iteration34.TestPasswordResetSecurity" name="test_reset_existing_email_returns_generic_message" time="0.114" /><testcase classname="backend.tests.test_security_auth_iteration34.TestPasswordResetSecurity" name="test_reset_nonexistent_email_returns_same_message" time="0.108" /><testcase classname="backend.tests.test_security_auth_iteration34.TestPasswordResetSecurity" name="test_reset_messages_are_identical" time="0.251" /><testcase classname="backend.tests.test_security_auth_iteration34.TestLoginSubscriptionValidation" name="test_login_with_active_subscription_succeeds" time="0.371" /><testcase classname="backend.tests.test_security_auth_iteration34.TestLoginSubscriptionValidation" name="test_login_with_wrong_password_fails" time="0.355" /><testcase classname="backend.tests.test_security_auth_iteration34.TestLoginSubscriptionValidation" name="test_login_with_nonexistent_email_fails" time="0.104" /><testcase classname="backend.tests.test_security_auth_iteration34.TestRateLimiting" name="test_rate_limiting_returns_generic_message" time="0.819" /><testcase classname="backend.tests.test_security_auth_iteration34.TestAuthEndpointsExist" name="test_register_endpoint_exists" time="0.131" /><testcase classname="backend.tests.test_security_auth_iteration34.TestAuthEndpointsExist" name="test_login_endpoint_exists" time="0.102" /><testcase classname="backend.tests.test_security_auth_iteration34.TestAuthEndpointsExist" name="test_password_reset_endpoint_exists" time="0.113" /></testsuite></testsuites>