<?xml version="1.0" encoding="utf-8"?><testsuites name="pytest tests"><testsuite name="pytest" errors="0" failures="0" skipped="0" tests="25" time="12.745" timestamp="2026-03-31T14:51:43.617002+00:00" hostname="agent-env-970ae3f8-9d83-4108-bd86-9d8ba4efae2d"><testcase classname="tests.test_e2e_comprehensive.TestAuthentication" name="test_admin_login_success" time="0.514" /><testcase classname="tests.test_e2e_comprehensive.TestAuthentication" name="test_tech_login_success" time="0.339" /><testcase classname="tests.test_e2e_comprehensive.TestAuthentication" name="test_login_invalid_credentials" time="0.170" /><testcase classname="tests.test_e2e_comprehensive.TestDashboard" name="test_dashboard_stats" time="0.530" /><testcase classname="tests.test_e2e_comprehensive.TestDashboard" name="test_dashboard_alerts" time="0.495" /><testcase classname="tests.test_e2e_comprehensive.TestDashboard" name="test_dashboard_recent" time="0.473" /><testcase classname="tests.test_e2e_comprehensive.TestClients" name="test_list_clients" time="0.439" /><testcase classname="tests.test_e2e_comprehensive.TestClients" name="test_create_client" time="0.491" /><testcase classname="tests.test_e2e_comprehensive.TestClients" name="test_get_client" time="0.554" /><testcase classname="tests.test_e2e_comprehensive.TestInterventions" name="test_list_interventions" time="0.468" /><testcase classname="tests.test_e2e_comprehensive.TestInterventions" name="test_create_intervention" time="0.584" /><testcase classname="tests.test_e2e_comprehensive.TestDevis" name="test_list_devis" time="0.956" /><testcase classname="tests.test_e2e_comprehensive.TestDevis" name="test_create_devis" time="0.622" /><testcase classname="tests.test_e2e_comprehensive.TestDevis" name="test_get_devis_pdf" time="0.623" /><testcase classname="tests.test_e2e_comprehensive.TestFactures" name="test_list_factures" time="0.462" /><testcase classname="tests.test_e2e_comprehensive.TestFactures" name="test_get_facture_pdf" time="0.682" /><testcase classname="tests.test_e2e_comprehensive.TestCategories" name="test_list_categories" time="0.451" /><testcase classname="tests.test_e2e_comprehensive.TestUsers" name="test_list_users" time="0.443" /><testcase classname="tests.test_e2e_comprehensive.TestEntreprise" name="test_get_entreprise" time="0.488" /><testcase classname="tests.test_e2e_comprehensive.TestAnalytics" name="test_analytics_summary" time="0.543" /><testcase classname="tests.test_e2e_comprehensive.TestAnalytics" name="test_analytics_trends" time="0.527" /><testcase classname="tests.test_e2e_comprehensive.TestPlans" name="test_list_plans" time="0.440" /><testcase classname="tests.test_e2e_comprehensive.TestPlans" name="test_get_usage" time="0.458" /><testcase classname="tests.test_e2e_comprehensive.TestCurrencyLocale" name="test_list_currencies" time="0.455" /><testcase classname="tests.test_e2e_comprehensive.TestCurrencyLocale" name="test_list_locales" time="0.449" /></testsuite></testsuites>