<?xml version="1.0" encoding="utf-8"?><testsuites name="pytest tests"><testsuite name="pytest" errors="0" failures="1" skipped="0" tests="17" time="6.286" timestamp="2026-05-05T19:38:36.751747+00:00" hostname="agent-env-970ae3f8-9d83-4108-bd86-9d8ba4efae2d"><testcase classname="backend.tests.test_intervention_workflow_iteration40.TestInterventionWorkflow" name="test_01_login_success" time="1.007" /><testcase classname="backend.tests.test_intervention_workflow_iteration40.TestInterventionWorkflow" name="test_02_get_categories" time="0.193" /><testcase classname="backend.tests.test_intervention_workflow_iteration40.TestInterventionWorkflow" name="test_03_get_clients" time="0.173" /><testcase classname="backend.tests.test_intervention_workflow_iteration40.TestInterventionWorkflow" name="test_04_create_intervention" time="0.185" /><testcase classname="backend.tests.test_intervention_workflow_iteration40.TestInterventionWorkflow" name="test_05_start_intervention" time="0.136" /><testcase classname="backend.tests.test_intervention_workflow_iteration40.TestInterventionWorkflow" name="test_06_add_notes_to_intervention" time="0.308" /><testcase classname="backend.tests.test_intervention_workflow_iteration40.TestInterventionWorkflow" name="test_07_upload_photo_avant" time="0.375" /><testcase classname="backend.tests.test_intervention_workflow_iteration40.TestInterventionWorkflow" name="test_08_upload_photo_pendant" time="0.286" /><testcase classname="backend.tests.test_intervention_workflow_iteration40.TestInterventionWorkflow" name="test_09_list_intervention_photos" time="0.146" /><testcase classname="backend.tests.test_intervention_workflow_iteration40.TestInterventionWorkflow" name="test_10_complete_with_signature" time="0.306" /><testcase classname="backend.tests.test_intervention_workflow_iteration40.TestInterventionWorkflow" name="test_11_generate_pdf_report" time="0.201" /><testcase classname="backend.tests.test_intervention_workflow_iteration40.TestInterventionWorkflow" name="test_12_delete_photo" time="0.277" /><testcase classname="backend.tests.test_intervention_workflow_iteration40.TestInterventionWorkflow" name="test_13_cleanup_test_intervention" time="0.133" /><testcase classname="backend.tests.test_intervention_workflow_iteration40.TestPhotoUploadWithTags" name="test_photo_tag_validation" time="0.738" /><testcase classname="backend.tests.test_intervention_workflow_iteration40.TestNotesEndpoint" name="test_notes_endpoint_exists" time="0.699" /><testcase classname="backend.tests.test_intervention_workflow_iteration40.TestPDFReportGeneration" name="test_pdf_report_for_completed_intervention" time="0.712"><failure message="AssertionError: PDF generation failed: {&quot;detail&quot;:&quot;Client non trouvé&quot;}&#10;assert 404 == 200&#10; +  where 404 = &lt;Response [404]&gt;.status_code">backend/tests/test_intervention_workflow_iteration40.py:519: in test_pdf_report_for_completed_intervention
    assert response.status_code == 200, f"PDF generation failed: {response.text}"
E   AssertionError: PDF generation failed: {"detail":"Client non trouvé"}
E   assert 404 == 200
E    +  where 404 = &lt;Response [404]&gt;.status_code</failure></testcase><testcase classname="backend.tests.test_intervention_workflow_iteration40.TestPDFReportGeneration" name="test_pdf_report_includes_signature" time="0.291" /></testsuite></testsuites>