<?xml version="1.0" encoding="utf-8"?><testsuites name="pytest tests"><testsuite name="pytest" errors="0" failures="0" skipped="0" tests="15" time="3.178" timestamp="2026-05-05T20:53:15.963445+00:00" hostname="agent-env-970ae3f8-9d83-4108-bd86-9d8ba4efae2d"><testcase classname="backend.tests.test_partial_payments_iteration43.TestPartialPaymentsBackend" name="test_01_auth_login_success" time="0.890" /><testcase classname="backend.tests.test_partial_payments_iteration43.TestPartialPaymentsBackend" name="test_02_list_factures" time="0.068" /><testcase classname="backend.tests.test_partial_payments_iteration43.TestPartialPaymentsBackend" name="test_03_list_factures_filter_partiel" time="0.069" /><testcase classname="backend.tests.test_partial_payments_iteration43.TestPartialPaymentsBackend" name="test_04_get_facture_detail" time="0.072" /><testcase classname="backend.tests.test_partial_payments_iteration43.TestPartialPaymentsBackend" name="test_05_get_payment_history" time="0.066" /><testcase classname="backend.tests.test_partial_payments_iteration43.TestPartialPaymentsBackend" name="test_06_create_and_emit_facture" time="0.294" /><testcase classname="backend.tests.test_partial_payments_iteration43.TestPartialPaymentsBackend" name="test_07_record_partial_payment" time="0.127" /><testcase classname="backend.tests.test_partial_payments_iteration43.TestPartialPaymentsBackend" name="test_08_record_second_partial_payment" time="0.064" /><testcase classname="backend.tests.test_partial_payments_iteration43.TestPartialPaymentsBackend" name="test_09_record_final_payment_completes_facture" time="0.123" /><testcase classname="backend.tests.test_partial_payments_iteration43.TestPartialPaymentsBackend" name="test_10_payment_history_shows_all_payments" time="0.070" /><testcase classname="backend.tests.test_partial_payments_iteration43.TestPartialPaymentsBackend" name="test_11_payment_on_paid_facture_rejected" time="0.066" /><testcase classname="backend.tests.test_partial_payments_iteration43.TestPartialPaymentsBackend" name="test_12_payment_validation_negative_amount" time="0.273" /><testcase classname="backend.tests.test_partial_payments_iteration43.TestPartialPaymentsBackend" name="test_13_payment_validation_exceeds_remaining" time="0.281" /><testcase classname="backend.tests.test_partial_payments_iteration43.TestPartialPaymentsBackend" name="test_14_cleanup_test_factures" time="0.065" /><testcase classname="backend.tests.test_partial_payments_iteration43.TestClientPortalPayments" name="test_01_portal_dashboard_shows_remaining_amounts" time="0.567" /></testsuite></testsuites>