<?xml version="1.0" encoding="utf-8"?><testsuites name="pytest tests"><testsuite name="pytest" errors="0" failures="1" skipped="0" tests="20" time="5.913" timestamp="2026-05-05T19:56:29.267810+00:00" hostname="agent-env-970ae3f8-9d83-4108-bd86-9d8ba4efae2d"><testcase classname="backend.tests.test_available_claim_unclaim_iteration41.TestAvailableInterventionsWorkflow" name="test_01_admin_login_success" time="1.356" /><testcase classname="backend.tests.test_available_claim_unclaim_iteration41.TestAvailableInterventionsWorkflow" name="test_02_tech_login_success" time="0.371"><failure message="AssertionError: assert 'technicien' == 'tech'&#10;  &#10;  - tech&#10;  + technicien">backend/tests/test_available_claim_unclaim_iteration41.py:103: in test_02_tech_login_success
    assert data.get("user", {}).get("role") == "tech"
E   AssertionError: assert 'technicien' == 'tech'
E     
E     - tech
E     + technicien</failure></testcase><testcase classname="backend.tests.test_available_claim_unclaim_iteration41.TestAvailableInterventionsWorkflow" name="test_03_get_client_for_intervention" time="0.139" /><testcase classname="backend.tests.test_available_claim_unclaim_iteration41.TestAvailableInterventionsWorkflow" name="test_04_create_unassigned_intervention" time="0.183" /><testcase classname="backend.tests.test_available_claim_unclaim_iteration41.TestAvailableInterventionsWorkflow" name="test_05_get_available_interventions" time="0.131" /><testcase classname="backend.tests.test_available_claim_unclaim_iteration41.TestAvailableInterventionsWorkflow" name="test_06_get_available_count" time="0.160" /><testcase classname="backend.tests.test_available_claim_unclaim_iteration41.TestAvailableInterventionsWorkflow" name="test_07_tech_claims_intervention" time="0.138" /><testcase classname="backend.tests.test_available_claim_unclaim_iteration41.TestAvailableInterventionsWorkflow" name="test_08_verify_intervention_no_longer_available" time="0.124" /><testcase classname="backend.tests.test_available_claim_unclaim_iteration41.TestAvailableInterventionsWorkflow" name="test_09_verify_intervention_assigned" time="0.127" /><testcase classname="backend.tests.test_available_claim_unclaim_iteration41.TestAvailableInterventionsWorkflow" name="test_10_claim_already_claimed_intervention_fails" time="0.135" /><testcase classname="backend.tests.test_available_claim_unclaim_iteration41.TestAvailableInterventionsWorkflow" name="test_11_tech_unclaims_intervention" time="0.145" /><testcase classname="backend.tests.test_available_claim_unclaim_iteration41.TestAvailableInterventionsWorkflow" name="test_12_verify_intervention_available_again" time="0.130" /><testcase classname="backend.tests.test_available_claim_unclaim_iteration41.TestAvailableInterventionsWorkflow" name="test_13_verify_intervention_unassigned" time="0.137" /><testcase classname="backend.tests.test_available_claim_unclaim_iteration41.TestAvailableInterventionsWorkflow" name="test_14_unclaim_not_assigned_fails" time="0.274" /><testcase classname="backend.tests.test_available_claim_unclaim_iteration41.TestAvailableInterventionsWorkflow" name="test_15_unclaim_started_intervention_fails" time="0.416" /><testcase classname="backend.tests.test_available_claim_unclaim_iteration41.TestAvailableInterventionsWorkflow" name="test_16_cleanup_test_intervention" time="0.352" /><testcase classname="backend.tests.test_available_claim_unclaim_iteration41.TestAvailableEndpointDetails" name="test_available_response_structure" time="0.494" /><testcase classname="backend.tests.test_available_claim_unclaim_iteration41.TestAvailableEndpointDetails" name="test_available_count_matches_list" time="0.331" /><testcase classname="backend.tests.test_available_claim_unclaim_iteration41.TestClaimUnclaimEdgeCases" name="test_claim_nonexistent_intervention" time="0.508" /><testcase classname="backend.tests.test_available_claim_unclaim_iteration41.TestClaimUnclaimEdgeCases" name="test_unclaim_nonexistent_intervention" time="0.154" /></testsuite></testsuites>