<?xml version="1.0" encoding="utf-8"?><testsuites name="pytest tests"><testsuite name="pytest" errors="0" failures="0" skipped="0" tests="12" time="10.196" timestamp="2026-03-30T21:06:01.158139+00:00" hostname="agent-env-970ae3f8-9d83-4108-bd86-9d8ba4efae2d"><testcase classname="tests.test_signature_pdf_integration.TestAuthAndSetup" name="test_admin_login" time="0.365" /><testcase classname="tests.test_signature_pdf_integration.TestAuthAndSetup" name="test_tech_login" time="0.348" /><testcase classname="tests.test_signature_pdf_integration.TestInterventionSignatureWorkflow" name="test_01_create_intervention_for_tech" time="1.087" /><testcase classname="tests.test_signature_pdf_integration.TestInterventionSignatureWorkflow" name="test_02_tech_starts_intervention_with_geoloc" time="0.653" /><testcase classname="tests.test_signature_pdf_integration.TestInterventionSignatureWorkflow" name="test_03_signature_endpoint_standalone" time="0.774" /><testcase classname="tests.test_signature_pdf_integration.TestInterventionSignatureWorkflow" name="test_04_complete_with_signature_and_geoloc" time="1.450" /><testcase classname="tests.test_signature_pdf_integration.TestFacturePDFWithSignature" name="test_01_create_facture_from_signed_intervention" time="1.444" /><testcase classname="tests.test_signature_pdf_integration.TestFacturePDFWithSignature" name="test_02_get_facture_pdf_with_signature" time="0.632" /><testcase classname="tests.test_signature_pdf_integration.TestFacturePDFWithSignature" name="test_03_verify_intervention_has_signature_for_pdf" time="0.615" /><testcase classname="tests.test_signature_pdf_integration.TestGeolocationEndpoints" name="test_geolocation_update_endpoint" time="2.297" /><testcase classname="tests.test_signature_pdf_integration.TestSignaturePadFrontendIntegration" name="test_signature_data_format" time="0.000" /><testcase classname="tests.test_signature_pdf_integration.TestCleanup" name="test_cleanup_test_interventions" time="0.474" /></testsuite></testsuites>