<?xml version="1.0" encoding="utf-8"?><testsuites name="pytest tests"><testsuite name="pytest" errors="0" failures="0" skipped="0" tests="17" time="3.751" timestamp="2026-04-03T12:28:42.477647+00:00" hostname="agent-env-970ae3f8-9d83-4108-bd86-9d8ba4efae2d"><testcase classname="backend.tests.test_sse_realtime_iteration29.TestSSEEndpoint" name="test_sse_endpoint_requires_token" time="0.147" /><testcase classname="backend.tests.test_sse_realtime_iteration29.TestSSEEndpoint" name="test_sse_endpoint_rejects_invalid_token" time="0.114" /><testcase classname="backend.tests.test_sse_realtime_iteration29.TestSSEEndpoint" name="test_sse_endpoint_with_valid_token" time="0.479" /><testcase classname="backend.tests.test_sse_realtime_iteration29.TestSSEEndpoint" name="test_sse_connections_endpoint" time="0.097" /><testcase classname="backend.tests.test_sse_realtime_iteration29.TestDashboardStats" name="test_dashboard_stats_endpoint" time="0.445" /><testcase classname="backend.tests.test_sse_realtime_iteration29.TestDashboardStats" name="test_dashboard_stats_interventions_structure" time="0.116" /><testcase classname="backend.tests.test_sse_realtime_iteration29.TestDashboardStats" name="test_dashboard_alerts_endpoint" time="0.109" /><testcase classname="backend.tests.test_sse_realtime_iteration29.TestDashboardStats" name="test_dashboard_recent_endpoint" time="0.116" /><testcase classname="backend.tests.test_sse_realtime_iteration29.TestInterventionStartSSE" name="test_start_intervention_endpoint" time="0.640" /><testcase classname="backend.tests.test_sse_realtime_iteration29.TestInterventionStartSSE" name="test_start_intervention_with_geo_data" time="0.322" /><testcase classname="backend.tests.test_sse_realtime_iteration29.TestInterventionStartSSE" name="test_start_intervention_updates_status" time="0.418" /><testcase classname="backend.tests.test_sse_realtime_iteration29.TestMongoDBIndexes" name="test_interventions_query_performance" time="0.442" /><testcase classname="backend.tests.test_sse_realtime_iteration29.TestMongoDBIndexes" name="test_today_interventions_query_performance" time="0.111" /><testcase classname="backend.tests.test_sse_realtime_iteration29.TestMongoDBIndexes" name="test_dashboard_stats_query_performance" time="0.113" /><testcase classname="backend.tests.test_sse_realtime_iteration29.TestRealtimeEventsIntegration" name="test_useRealtimeEvents_hook_exists" time="0.000" /><testcase classname="backend.tests.test_sse_realtime_iteration29.TestRealtimeEventsIntegration" name="test_dashboard_uses_realtime_events" time="0.000" /><testcase classname="backend.tests.test_sse_realtime_iteration29.TestRealtimeEventsIntegration" name="test_technician_app_uses_realtime_events" time="0.000" /></testsuite></testsuites>