<?xml version="1.0" encoding="utf-8"?><testsuites name="pytest tests"><testsuite name="pytest" errors="0" failures="0" skipped="0" tests="13" time="5.980" timestamp="2026-04-02T15:57:42.286883+00:00" hostname="agent-env-970ae3f8-9d83-4108-bd86-9d8ba4efae2d"><testcase classname="tests.test_settings_notifications_documents.TestSettingsNotificationsDocuments" name="test_get_notification_settings_returns_defaults" time="0.451" /><testcase classname="tests.test_settings_notifications_documents.TestSettingsNotificationsDocuments" name="test_update_notification_settings" time="0.539" /><testcase classname="tests.test_settings_notifications_documents.TestSettingsNotificationsDocuments" name="test_notification_settings_requires_auth" time="0.460" /><testcase classname="tests.test_settings_notifications_documents.TestSettingsNotificationsDocuments" name="test_get_document_settings_returns_defaults" time="0.406" /><testcase classname="tests.test_settings_notifications_documents.TestSettingsNotificationsDocuments" name="test_update_document_settings" time="0.499" /><testcase classname="tests.test_settings_notifications_documents.TestSettingsNotificationsDocuments" name="test_document_settings_requires_auth" time="0.538" /><testcase classname="tests.test_settings_notifications_documents.TestSettingsNotificationsDocuments" name="test_get_sms_status" time="0.449" /><testcase classname="tests.test_settings_notifications_documents.TestSettingsNotificationsDocuments" name="test_sms_status_requires_auth" time="0.451" /><testcase classname="tests.test_settings_notifications_documents.TestSettingsNotificationsDocuments" name="test_get_all_settings" time="0.397" /><testcase classname="tests.test_settings_notifications_documents.TestSettingsNotificationsDocuments" name="test_get_integrations_status" time="0.406" /><testcase classname="tests.test_settings_notifications_documents.TestSettingsNotificationsDocuments" name="test_document_settings_preview" time="0.410" /><testcase classname="tests.test_settings_notifications_documents.TestSMSConfigUpdate" name="test_switch_to_shared_twilio" time="0.469" /><testcase classname="tests.test_settings_notifications_documents.TestSMSConfigUpdate" name="test_custom_twilio_requires_all_fields" time="0.422" /></testsuite></testsuites>