<?xml version="1.0" encoding="utf-8"?><testsuites name="pytest tests"><testsuite name="pytest" errors="0" failures="0" skipped="0" tests="16" time="33.581" timestamp="2026-03-30T18:16:59.828425+00:00" hostname="agent-env-970ae3f8-9d83-4108-bd86-9d8ba4efae2d"><testcase classname="backend.tests.test_route_optimization.TestRouteOptimization" name="test_optimize_route_endpoint_exists" time="0.230" /><testcase classname="backend.tests.test_route_optimization.TestRouteOptimization" name="test_optimize_route_with_admin_auth" time="10.037" /><testcase classname="backend.tests.test_route_optimization.TestRouteOptimization" name="test_optimize_route_with_tech_auth" time="7.621" /><testcase classname="backend.tests.test_route_optimization.TestRouteOptimization" name="test_optimize_route_with_specific_intervention_ids" time="2.816" /><testcase classname="backend.tests.test_route_optimization.TestRouteOptimization" name="test_optimize_route_fallback_on_ai_error" time="7.758" /><testcase classname="backend.tests.test_route_optimization.TestRouteOptimization" name="test_route_score_endpoint_exists" time="0.144" /><testcase classname="backend.tests.test_route_optimization.TestRouteOptimization" name="test_route_score_with_admin_auth" time="0.431" /><testcase classname="backend.tests.test_route_optimization.TestRouteOptimization" name="test_route_score_with_tech_auth" time="0.439" /><testcase classname="backend.tests.test_route_optimization.TestRouteOptimization" name="test_route_score_no_ai_required" time="0.429" /><testcase classname="backend.tests.test_route_optimization.TestRouteOptimization" name="test_apply_optimized_order_requires_admin" time="0.411" /><testcase classname="backend.tests.test_route_optimization.TestRouteOptimization" name="test_apply_optimized_order_with_admin" time="0.522" /><testcase classname="backend.tests.test_route_optimization.TestRouteOptimization" name="test_apply_optimized_order_updates_interventions" time="0.910" /><testcase classname="backend.tests.test_route_optimization.TestRouteOptimizationEdgeCases" name="test_optimize_route_empty_date" time="0.499" /><testcase classname="backend.tests.test_route_optimization.TestRouteOptimizationEdgeCases" name="test_route_score_empty_date" time="0.427" /><testcase classname="backend.tests.test_route_optimization.TestRouteOptimizationEdgeCases" name="test_apply_optimized_order_empty_list" time="0.429" /><testcase classname="backend.tests.test_route_optimization.TestRouteOptimizationEdgeCases" name="test_apply_optimized_order_invalid_ids" time="0.409" /></testsuite></testsuites>