<?xml version="1.0" encoding="utf-8"?><testsuites name="pytest tests"><testsuite name="pytest" errors="0" failures="0" skipped="0" tests="10" time="4.726" timestamp="2026-04-22T12:06:23.420183+00:00" hostname="agent-env-970ae3f8-9d83-4108-bd86-9d8ba4efae2d"><testcase classname="backend.tests.test_pricing_currency_iteration31.TestPricingPlans" name="test_plans_endpoint_returns_correct_prices" time="0.186" /><testcase classname="backend.tests.test_pricing_currency_iteration31.TestPricingPlans" name="test_annual_discount_is_20_percent" time="0.160" /><testcase classname="backend.tests.test_pricing_currency_iteration31.TestCheckoutSession" name="test_checkout_session_monthly" time="1.804" /><testcase classname="backend.tests.test_pricing_currency_iteration31.TestCheckoutSession" name="test_checkout_session_yearly" time="1.124" /><testcase classname="backend.tests.test_pricing_currency_iteration31.TestCheckoutSession" name="test_checkout_invalid_plan" time="0.149" /><testcase classname="backend.tests.test_pricing_currency_iteration31.TestCurrencySnapshot" name="test_devis_creation_includes_currency_snapshot" time="0.602" /><testcase classname="backend.tests.test_pricing_currency_iteration31.TestCurrencySnapshot" name="test_facture_creation_includes_currency_snapshot" time="0.122" /><testcase classname="backend.tests.test_pricing_currency_iteration31.TestCurrencySnapshot" name="test_devis_preserves_currency_on_retrieval" time="0.273" /><testcase classname="backend.tests.test_pricing_currency_iteration31.TestSubscriptionService" name="test_subscription_plans_structure" time="0.104" /><testcase classname="backend.tests.test_pricing_currency_iteration31.TestSubscriptionService" name="test_plan_features_not_empty" time="0.135" /></testsuite></testsuites>