<?xml version="1.0" encoding="utf-8"?><testsuites name="pytest tests"><testsuite name="pytest" errors="0" failures="0" skipped="0" tests="11" time="3.915" timestamp="2026-04-28T14:41:37.720562+00:00" hostname="agent-env-970ae3f8-9d83-4108-bd86-9d8ba4efae2d"><testcase classname="backend.tests.test_site_form_statements_share.TestAuthentication" name="test_login_success" time="0.392" /><testcase classname="backend.tests.test_site_form_statements_share.TestSitesAPI" name="test_get_sites_for_client" time="0.573" /><testcase classname="backend.tests.test_site_form_statements_share.TestSitesAPI" name="test_create_site_with_validation" time="0.229" /><testcase classname="backend.tests.test_site_form_statements_share.TestSitesAPI" name="test_create_site_missing_required_fields" time="0.132" /><testcase classname="backend.tests.test_site_form_statements_share.TestStatementsAPI" name="test_generate_statements" time="0.489" /><testcase classname="backend.tests.test_site_form_statements_share.TestStatementsAPI" name="test_statements_history" time="0.115" /><testcase classname="backend.tests.test_site_form_statements_share.TestStatementsAPI" name="test_statement_preview_pdf" time="0.235" /><testcase classname="backend.tests.test_site_form_statements_share.TestFacturesAPI" name="test_get_factures_has_numero_facture" time="0.483" /><testcase classname="backend.tests.test_site_form_statements_share.TestFacturesAPI" name="test_facture_statut_values" time="0.130" /><testcase classname="backend.tests.test_site_form_statements_share.TestClientPortalLink" name="test_get_portal_link" time="0.602" /><testcase classname="backend.tests.test_site_form_statements_share.TestStatementGeneratorFields" name="test_facture_fields_for_statement" time="0.477" /></testsuite></testsuites>