<?xml version="1.0" encoding="utf-8"?><testsuites name="pytest tests"><testsuite name="pytest" errors="0" failures="0" skipped="0" tests="15" time="7.680" timestamp="2026-04-28T12:53:33.120895+00:00" hostname="agent-env-970ae3f8-9d83-4108-bd86-9d8ba4efae2d"><testcase classname="backend.tests.test_demo_mode_iteration36.TestDemoInit" name="test_demo_init_success" time="0.435" /><testcase classname="backend.tests.test_demo_mode_iteration36.TestDemoInit" name="test_demo_init_creates_seed_data" time="0.369" /><testcase classname="backend.tests.test_demo_mode_iteration36.TestDemoLogin" name="test_demo_login_success" time="0.415" /><testcase classname="backend.tests.test_demo_mode_iteration36.TestDemoLogin" name="test_demo_login_wrong_password" time="0.357" /><testcase classname="backend.tests.test_demo_mode_iteration36.TestDemoStatus" name="test_demo_status_authenticated" time="0.488" /><testcase classname="backend.tests.test_demo_mode_iteration36.TestDemoStatus" name="test_demo_status_non_demo_user" time="0.128" /><testcase classname="backend.tests.test_demo_mode_iteration36.TestDemoFeatureCheck" name="test_allowed_feature_create_client" time="0.478" /><testcase classname="backend.tests.test_demo_mode_iteration36.TestDemoFeatureCheck" name="test_blocked_feature_stripe_checkout" time="0.505" /><testcase classname="backend.tests.test_demo_mode_iteration36.TestDemoFeatureCheck" name="test_blocked_feature_api_access" time="0.457" /><testcase classname="backend.tests.test_demo_mode_iteration36.TestDemoSimulateAction" name="test_simulate_send_email" time="0.466" /><testcase classname="backend.tests.test_demo_mode_iteration36.TestDemoSimulateAction" name="test_simulate_send_sms" time="0.466" /><testcase classname="backend.tests.test_demo_mode_iteration36.TestDemoSimulateAction" name="test_simulate_process_payment" time="0.456" /><testcase classname="backend.tests.test_demo_mode_iteration36.TestDemoDataVerification" name="test_demo_clients_created" time="0.856" /><testcase classname="backend.tests.test_demo_mode_iteration36.TestDemoDataVerification" name="test_demo_interventions_created" time="0.880" /><testcase classname="backend.tests.test_demo_mode_iteration36.TestDemoDataVerification" name="test_demo_devis_created" time="0.831" /></testsuite></testsuites>