<?xml version="1.0" encoding="utf-8"?><testsuites name="pytest tests"><testsuite name="pytest" errors="0" failures="0" skipped="0" tests="12" time="4.076" timestamp="2026-03-30T16:34:52.176551+00:00" hostname="agent-env-970ae3f8-9d83-4108-bd86-9d8ba4efae2d"><testcase classname="backend.tests.test_stripe_subscription.TestSubscriptionPlans" name="test_get_plans_returns_3_plans" time="0.134" /><testcase classname="backend.tests.test_stripe_subscription.TestSubscriptionPlans" name="test_starter_plan_details" time="0.139" /><testcase classname="backend.tests.test_stripe_subscription.TestSubscriptionPlans" name="test_pro_plan_details" time="0.128" /><testcase classname="backend.tests.test_stripe_subscription.TestSubscriptionPlans" name="test_enterprise_plan_details" time="0.129" /><testcase classname="backend.tests.test_stripe_subscription.TestCheckoutSession" name="test_create_checkout_session_starter" time="0.587" /><testcase classname="backend.tests.test_stripe_subscription.TestCheckoutSession" name="test_create_checkout_session_pro" time="0.517" /><testcase classname="backend.tests.test_stripe_subscription.TestCheckoutSession" name="test_create_checkout_session_enterprise" time="0.495" /><testcase classname="backend.tests.test_stripe_subscription.TestCheckoutSession" name="test_create_checkout_session_invalid_plan" time="0.117" /><testcase classname="backend.tests.test_stripe_subscription.TestCheckoutStatus" name="test_get_checkout_status_valid_session" time="0.849" /><testcase classname="backend.tests.test_stripe_subscription.TestCheckoutStatus" name="test_get_checkout_status_invalid_session" time="0.310" /><testcase classname="backend.tests.test_stripe_subscription.TestCurrentSubscription" name="test_get_current_subscription_authenticated" time="0.493" /><testcase classname="backend.tests.test_stripe_subscription.TestCurrentSubscription" name="test_get_current_subscription_unauthenticated" time="0.111" /></testsuite></testsuites>