<?xml version="1.0" encoding="utf-8"?><testsuites name="pytest tests"><testsuite name="pytest" errors="0" failures="0" skipped="0" tests="13" time="4.104" timestamp="2026-03-30T17:43:07.323744+00:00" hostname="agent-env-970ae3f8-9d83-4108-bd86-9d8ba4efae2d"><testcase classname="backend.tests.test_push_notifications.TestVapidKey" name="test_get_vapid_key_returns_public_key" time="0.250" /><testcase classname="backend.tests.test_push_notifications.TestVapidKey" name="test_vapid_key_no_auth_required" time="0.121" /><testcase classname="backend.tests.test_push_notifications.TestPushSubscribe" name="test_subscribe_requires_auth" time="0.198" /><testcase classname="backend.tests.test_push_notifications.TestPushSubscribe" name="test_subscribe_with_valid_subscription" time="0.368" /><testcase classname="backend.tests.test_push_notifications.TestPushSubscribe" name="test_subscribe_duplicate_endpoint" time="0.111" /><testcase classname="backend.tests.test_push_notifications.TestPushSubscribe" name="test_subscribe_invalid_subscription" time="0.051" /><testcase classname="backend.tests.test_push_notifications.TestPushStatus" name="test_status_requires_auth" time="0.134" /><testcase classname="backend.tests.test_push_notifications.TestPushStatus" name="test_status_returns_subscription_info" time="0.058" /><testcase classname="backend.tests.test_push_notifications.TestPushUnsubscribe" name="test_unsubscribe_requires_auth" time="0.107" /><testcase classname="backend.tests.test_push_notifications.TestPushUnsubscribe" name="test_unsubscribe_existing_subscription" time="0.101" /><testcase classname="backend.tests.test_push_notifications.TestPushTestNotification" name="test_test_notification_requires_auth" time="0.141" /><testcase classname="backend.tests.test_push_notifications.TestPushTestNotification" name="test_test_notification_without_subscription" time="0.864" /><testcase classname="backend.tests.test_push_notifications.TestPushServiceIntegration" name="test_full_subscription_flow" time="1.534" /></testsuite></testsuites>