<?xml version="1.0" encoding="utf-8"?><testsuites name="pytest tests"><testsuite name="pytest" errors="0" failures="0" skipped="0" tests="34" time="5.529" timestamp="2026-04-02T13:30:03.768427+00:00" hostname="agent-env-970ae3f8-9d83-4108-bd86-9d8ba4efae2d"><testcase classname="backend.tests.test_super_admin_enhanced.TestAccessControl" name="test_coupons_requires_super_admin" time="0.634" /><testcase classname="backend.tests.test_super_admin_enhanced.TestAccessControl" name="test_communicate_requires_super_admin" time="0.154" /><testcase classname="backend.tests.test_super_admin_enhanced.TestAccessControl" name="test_export_requires_super_admin" time="0.153" /><testcase classname="backend.tests.test_super_admin_enhanced.TestAccessControl" name="test_extend_trial_requires_super_admin" time="0.668" /><testcase classname="backend.tests.test_super_admin_enhanced.TestAccessControl" name="test_change_status_requires_super_admin" time="0.108" /><testcase classname="backend.tests.test_super_admin_enhanced.TestAccessControl" name="test_apply_coupon_requires_super_admin" time="0.143" /><testcase classname="backend.tests.test_super_admin_enhanced.TestCoupons" name="test_create_coupon_with_auto_code" time="0.138" /><testcase classname="backend.tests.test_super_admin_enhanced.TestCoupons" name="test_create_coupon_with_custom_code" time="0.119" /><testcase classname="backend.tests.test_super_admin_enhanced.TestCoupons" name="test_create_duplicate_coupon_fails" time="0.216" /><testcase classname="backend.tests.test_super_admin_enhanced.TestCoupons" name="test_list_coupons" time="0.114" /><testcase classname="backend.tests.test_super_admin_enhanced.TestCoupons" name="test_list_coupons_active_only" time="0.111" /><testcase classname="backend.tests.test_super_admin_enhanced.TestCommunication" name="test_send_communication_single" time="0.125" /><testcase classname="backend.tests.test_super_admin_enhanced.TestCommunication" name="test_send_communication_requires_subject" time="0.101" /><testcase classname="backend.tests.test_super_admin_enhanced.TestCommunication" name="test_send_communication_requires_message" time="0.186" /><testcase classname="backend.tests.test_super_admin_enhanced.TestCommunication" name="test_get_communications_history" time="0.115" /><testcase classname="backend.tests.test_super_admin_enhanced.TestCSVExport" name="test_export_entreprises_csv" time="0.125" /><testcase classname="backend.tests.test_super_admin_enhanced.TestCSVExport" name="test_export_with_plan_filter" time="0.119" /><testcase classname="backend.tests.test_super_admin_enhanced.TestCSVExport" name="test_export_with_status_filter" time="0.113" /><testcase classname="backend.tests.test_super_admin_enhanced.TestTrialExtension" name="test_extend_trial" time="0.173" /><testcase classname="backend.tests.test_super_admin_enhanced.TestTrialExtension" name="test_extend_trial_invalid_days" time="0.117" /><testcase classname="backend.tests.test_super_admin_enhanced.TestTrialExtension" name="test_extend_trial_nonexistent_entreprise" time="0.106" /><testcase classname="backend.tests.test_super_admin_enhanced.TestStatusChange" name="test_change_status_to_suspended" time="0.111" /><testcase classname="backend.tests.test_super_admin_enhanced.TestStatusChange" name="test_change_status_to_active" time="0.120" /><testcase classname="backend.tests.test_super_admin_enhanced.TestStatusChange" name="test_change_status_invalid" time="0.120" /><testcase classname="backend.tests.test_super_admin_enhanced.TestStatusChange" name="test_change_status_nonexistent_entreprise" time="0.112" /><testcase classname="backend.tests.test_super_admin_enhanced.TestApplyDiscount" name="test_apply_percentage_discount" time="0.152" /><testcase classname="backend.tests.test_super_admin_enhanced.TestApplyDiscount" name="test_apply_fixed_discount" time="0.115" /><testcase classname="backend.tests.test_super_admin_enhanced.TestApplyDiscount" name="test_apply_discount_nonexistent_entreprise" time="0.108" /><testcase classname="backend.tests.test_super_admin_enhanced.TestEntrepriseDetails" name="test_get_entreprise_details_complete" time="0.126" /><testcase classname="backend.tests.test_super_admin_enhanced.TestEntrepriseDetails" name="test_get_entreprise_details_includes_users" time="0.116" /><testcase classname="backend.tests.test_super_admin_enhanced.TestFeedbacksAndCancellations" name="test_get_feedbacks" time="0.120" /><testcase classname="backend.tests.test_super_admin_enhanced.TestFeedbacksAndCancellations" name="test_get_cancellations" time="0.162" /><testcase classname="backend.tests.test_super_admin_enhanced.TestRevenueDetails" name="test_revenue_by_plan" time="0.116" /><testcase classname="backend.tests.test_super_admin_enhanced.TestRevenueDetails" name="test_revenue_by_billing_cycle" time="0.104" /></testsuite></testsuites>