<?xml version="1.0" encoding="utf-8"?><testsuites name="pytest tests"><testsuite name="pytest" errors="0" failures="0" skipped="0" tests="18" time="16.143" timestamp="2026-05-05T20:16:12.197093+00:00" hostname="agent-env-970ae3f8-9d83-4108-bd86-9d8ba4efae2d"><testcase classname="backend.tests.test_signature_validation_workflow_iteration42.TestAuthSetup" name="test_admin_login" time="0.503" /><testcase classname="backend.tests.test_signature_validation_workflow_iteration42.TestAuthSetup" name="test_tech_login" time="0.381" /><testcase classname="backend.tests.test_signature_validation_workflow_iteration42.TestCompleteWithSignatureEndpoint" name="test_complete_with_signature_client_type" time="1.702" /><testcase classname="backend.tests.test_signature_validation_workflow_iteration42.TestCompleteWithSignatureEndpoint" name="test_complete_with_signature_tiers_type" time="0.788" /><testcase classname="backend.tests.test_signature_validation_workflow_iteration42.TestCompleteWithSignatureEndpoint" name="test_complete_with_signature_requires_en_cours_status" time="0.482" /><testcase classname="backend.tests.test_signature_validation_workflow_iteration42.TestValidationEndpoints" name="test_validate_endpoint_exists" time="0.541" /><testcase classname="backend.tests.test_signature_validation_workflow_iteration42.TestValidationEndpoints" name="test_validate_requires_admin" time="0.548" /><testcase classname="backend.tests.test_signature_validation_workflow_iteration42.TestValidationEndpoints" name="test_reject_validation_endpoint_exists" time="0.219" /><testcase classname="backend.tests.test_signature_validation_workflow_iteration42.TestValidationEndpoints" name="test_reject_validation_requires_admin" time="0.193" /><testcase classname="backend.tests.test_signature_validation_workflow_iteration42.TestValidationEndpoints" name="test_reject_validation_requires_reason" time="0.138" /><testcase classname="backend.tests.test_signature_validation_workflow_iteration42.TestPendingValidationEndpoint" name="test_pending_validation_endpoint_exists" time="5.390" /><testcase classname="backend.tests.test_signature_validation_workflow_iteration42.TestPendingValidationEndpoint" name="test_pending_validation_requires_admin" time="0.555" /><testcase classname="backend.tests.test_signature_validation_workflow_iteration42.TestInterventionSignatureModel" name="test_signature_model_accepts_all_fields" time="1.724" /><testcase classname="backend.tests.test_signature_validation_workflow_iteration42.TestWorkflowByPlan" name="test_demo_account_is_pro_enterprise" time="0.540" /><testcase classname="backend.tests.test_signature_validation_workflow_iteration42.TestWorkflowByPlan" name="test_pro_enterprise_workflow_auto_validates" time="0.145" /><testcase classname="backend.tests.test_signature_validation_workflow_iteration42.TestStatusFilterForEnValidation" name="test_list_interventions_with_en_validation_filter" time="0.538" /><testcase classname="backend.tests.test_signature_validation_workflow_iteration42.TestCleanup" name="test_cleanup_test_interventions" time="1.238" /><testcase classname="backend.tests.test_signature_validation_workflow_iteration42.TestCleanup" name="test_cleanup_test_clients" time="0.459" /></testsuite></testsuites>