<?xml version="1.0" encoding="utf-8"?><testsuites name="pytest tests"><testsuite name="pytest" errors="0" failures="0" skipped="0" tests="23" time="3.942" timestamp="2026-04-02T12:36:00.084587+00:00" hostname="agent-env-970ae3f8-9d83-4108-bd86-9d8ba4efae2d"><testcase classname="backend.tests.test_super_admin.TestSuperAdminAccess" name="test_stats_requires_auth" time="0.159" /><testcase classname="backend.tests.test_super_admin.TestSuperAdminAccess" name="test_entreprises_requires_auth" time="0.106" /><testcase classname="backend.tests.test_super_admin.TestSuperAdminAccess" name="test_revenue_requires_auth" time="0.105" /><testcase classname="backend.tests.test_super_admin.TestSuperAdminAccess" name="test_stats_forbidden_for_non_super_admin" time="0.494" /><testcase classname="backend.tests.test_super_admin.TestSuperAdminAccess" name="test_entreprises_forbidden_for_non_super_admin" time="0.113" /><testcase classname="backend.tests.test_super_admin.TestSuperAdminAccess" name="test_revenue_forbidden_for_non_super_admin" time="0.118" /><testcase classname="backend.tests.test_super_admin.TestSuperAdminStats" name="test_stats_returns_200_for_super_admin" time="0.504" /><testcase classname="backend.tests.test_super_admin.TestSuperAdminStats" name="test_stats_contains_entreprises_data" time="0.134" /><testcase classname="backend.tests.test_super_admin.TestSuperAdminStats" name="test_stats_contains_users_data" time="0.129" /><testcase classname="backend.tests.test_super_admin.TestSuperAdminStats" name="test_stats_contains_revenue_data" time="0.113" /><testcase classname="backend.tests.test_super_admin.TestSuperAdminStats" name="test_stats_contains_cancellations_data" time="0.155" /><testcase classname="backend.tests.test_super_admin.TestSuperAdminStats" name="test_stats_contains_activity_data" time="0.130" /><testcase classname="backend.tests.test_super_admin.TestSuperAdminEntreprises" name="test_entreprises_returns_200_for_super_admin" time="0.148" /><testcase classname="backend.tests.test_super_admin.TestSuperAdminEntreprises" name="test_entreprises_returns_list" time="0.198" /><testcase classname="backend.tests.test_super_admin.TestSuperAdminEntreprises" name="test_entreprises_contains_required_fields" time="0.113" /><testcase classname="backend.tests.test_super_admin.TestSuperAdminEntreprises" name="test_entreprises_filter_by_plan" time="0.108" /><testcase classname="backend.tests.test_super_admin.TestSuperAdminEntreprises" name="test_entreprises_filter_by_status" time="0.132" /><testcase classname="backend.tests.test_super_admin.TestSuperAdminEntreprises" name="test_entreprises_pagination" time="0.118" /><testcase classname="backend.tests.test_super_admin.TestSuperAdminRevenue" name="test_revenue_returns_200_for_super_admin" time="0.140" /><testcase classname="backend.tests.test_super_admin.TestSuperAdminRevenue" name="test_revenue_contains_mrr" time="0.129" /><testcase classname="backend.tests.test_super_admin.TestSuperAdminRevenue" name="test_revenue_contains_subscription_breakdown" time="0.143" /><testcase classname="backend.tests.test_super_admin.TestSuperAdminRevenue" name="test_revenue_contains_monthly_trend" time="0.129" /><testcase classname="backend.tests.test_super_admin.TestSuperAdminEntrepriseDetails" name="test_get_entreprise_details" time="0.230" /></testsuite></testsuites>