<?xml version="1.0" encoding="utf-8"?><testsuites name="pytest tests"><testsuite name="pytest" errors="0" failures="0" skipped="0" tests="16" time="2.783" timestamp="2026-03-30T22:29:22.964396+00:00" hostname="agent-env-970ae3f8-9d83-4108-bd86-9d8ba4efae2d"><testcase classname="backend.tests.test_signup_flow.TestPlansEndpoint" name="test_plans_endpoint_returns_200" time="0.241" /><testcase classname="backend.tests.test_signup_flow.TestPlansEndpoint" name="test_plans_returns_three_plans" time="0.130" /><testcase classname="backend.tests.test_signup_flow.TestPlansEndpoint" name="test_startup_plan_price_49" time="0.126" /><testcase classname="backend.tests.test_signup_flow.TestPlansEndpoint" name="test_pro_plan_price_79" time="0.164" /><testcase classname="backend.tests.test_signup_flow.TestPlansEndpoint" name="test_enterprise_plan_price_129" time="0.120" /><testcase classname="backend.tests.test_signup_flow.TestPlansEndpoint" name="test_startup_plan_limits" time="0.182" /><testcase classname="backend.tests.test_signup_flow.TestPlansEndpoint" name="test_pro_plan_limits" time="0.117" /><testcase classname="backend.tests.test_signup_flow.TestPlansEndpoint" name="test_enterprise_plan_unlimited" time="0.123" /><testcase classname="backend.tests.test_signup_flow.TestPlansEndpoint" name="test_plans_have_features_list" time="0.108" /><testcase classname="backend.tests.test_signup_flow.TestCheckoutSession" name="test_checkout_session_requires_plan_id" time="0.106" /><testcase classname="backend.tests.test_signup_flow.TestCheckoutSession" name="test_checkout_session_invalid_plan" time="0.175" /><testcase classname="backend.tests.test_signup_flow.TestCheckoutSession" name="test_checkout_session_creates_for_valid_plan" time="0.644" /><testcase classname="backend.tests.test_signup_flow.TestFinalizeSignup" name="test_finalize_signup_requires_session_id" time="0.133" /><testcase classname="backend.tests.test_signup_flow.TestCategoryValidation" name="test_startup_category_limit_enforced" time="0.125" /><testcase classname="backend.tests.test_signup_flow.TestCategoryValidation" name="test_pro_category_limit_enforced" time="0.104" /><testcase classname="backend.tests.test_signup_flow.TestCategoryValidation" name="test_enterprise_unlimited_categories" time="0.107" /></testsuite></testsuites>