<?xml version="1.0" encoding="utf-8"?><testsuites name="pytest tests"><testsuite name="pytest" errors="0" failures="0" skipped="0" tests="17" time="8.050" timestamp="2026-04-28T14:29:07.582310+00:00" hostname="agent-env-970ae3f8-9d83-4108-bd86-9d8ba4efae2d"><testcase classname="tests.test_stats_analytics_consistency.TestStatsAnalyticsConsistency" name="test_stats_endpoint_returns_200" time="0.535" /><testcase classname="tests.test_stats_analytics_consistency.TestStatsAnalyticsConsistency" name="test_analytics_clients_endpoint_returns_200" time="0.439" /><testcase classname="tests.test_stats_analytics_consistency.TestStatsAnalyticsConsistency" name="test_analytics_devis_endpoint_returns_200" time="0.415" /><testcase classname="tests.test_stats_analytics_consistency.TestStatsAnalyticsConsistency" name="test_analytics_summary_endpoint_returns_200" time="0.520" /><testcase classname="tests.test_stats_analytics_consistency.TestStatsAnalyticsConsistency" name="test_stats_clients_matches_analytics_clients" time="0.481" /><testcase classname="tests.test_stats_analytics_consistency.TestStatsAnalyticsConsistency" name="test_stats_devis_total_matches_analytics_devis" time="0.480" /><testcase classname="tests.test_stats_analytics_consistency.TestStatsAnalyticsConsistency" name="test_stats_conversion_rate_calculation" time="0.435" /><testcase classname="tests.test_stats_analytics_consistency.TestStatsAnalyticsConsistency" name="test_rapports_expected_data_clients" time="0.417" /><testcase classname="tests.test_stats_analytics_consistency.TestStatsAnalyticsConsistency" name="test_rapports_expected_data_devis" time="0.426" /><testcase classname="tests.test_stats_analytics_consistency.TestStatsAnalyticsConsistency" name="test_rapports_expected_conversion_rate" time="0.410" /><testcase classname="tests.test_stats_analytics_consistency.TestStatsAnalyticsConsistency" name="test_rapports_expected_factures_en_attente" time="0.491" /><testcase classname="tests.test_stats_analytics_consistency.TestStatsAnalyticsConsistency" name="test_rapports_expected_interventions_terminees" time="0.475" /><testcase classname="tests.test_stats_analytics_consistency.TestStatsAnalyticsConsistency" name="test_stats_devis_structure" time="0.430" /><testcase classname="tests.test_stats_analytics_consistency.TestStatsAnalyticsConsistency" name="test_stats_factures_structure" time="0.426" /><testcase classname="tests.test_stats_analytics_consistency.TestStatsAnalyticsConsistency" name="test_stats_interventions_structure" time="0.410" /><testcase classname="tests.test_stats_analytics_consistency.TestStatsAnalyticsConsistency" name="test_analytics_summary_consistency_with_stats" time="0.575" /><testcase classname="tests.test_stats_analytics_consistency.TestStatsAnalyticsConsistency" name="test_full_data_consistency_report" time="0.602" /></testsuite></testsuites>