<?xml version="1.0" encoding="utf-8"?><testsuites name="pytest tests"><testsuite name="pytest" errors="0" failures="0" skipped="0" tests="14" time="5.287" timestamp="2026-03-24T09:16:37.595329+00:00" hostname="agent-env-970ae3f8-9d83-4108-bd86-9d8ba4efae2d"><testcase classname="backend.tests.test_rapports_settings.TestRapportsAndSettings" name="test_monthly_revenue_endpoint" time="0.392" /><testcase classname="backend.tests.test_rapports_settings.TestRapportsAndSettings" name="test_top_clients_endpoint" time="0.366" /><testcase classname="backend.tests.test_rapports_settings.TestRapportsAndSettings" name="test_top_clients_with_limit" time="0.376" /><testcase classname="backend.tests.test_rapports_settings.TestRapportsAndSettings" name="test_conversion_stats_endpoint" time="0.372" /><testcase classname="backend.tests.test_rapports_settings.TestRapportsAndSettings" name="test_export_devis_csv" time="0.358" /><testcase classname="backend.tests.test_rapports_settings.TestRapportsAndSettings" name="test_export_factures_csv" time="0.357" /><testcase classname="backend.tests.test_rapports_settings.TestRapportsAndSettings" name="test_export_clients_csv" time="0.361" /><testcase classname="backend.tests.test_rapports_settings.TestRapportsAndSettings" name="test_export_interventions_csv" time="0.378" /><testcase classname="backend.tests.test_rapports_settings.TestRapportsAndSettings" name="test_export_invalid_type" time="0.364" /><testcase classname="backend.tests.test_rapports_settings.TestRapportsAndSettings" name="test_sms_status_endpoint" time="0.361" /><testcase classname="backend.tests.test_rapports_settings.TestRapportsAndSettings" name="test_dashboard_stats_for_rapports" time="0.364" /><testcase classname="backend.tests.test_rapports_settings.TestSettingsNotifications" name="test_get_entreprise_settings" time="0.362" /><testcase classname="backend.tests.test_rapports_settings.TestSettingsNotifications" name="test_update_notification_settings" time="0.477" /><testcase classname="backend.tests.test_rapports_settings.TestSettingsNotifications" name="test_sms_status_shows_twilio_config" time="0.348" /></testsuite></testsuites>