<?xml version="1.0" encoding="utf-8"?><testsuites name="pytest tests"><testsuite name="pytest" errors="0" failures="0" skipped="0" tests="8" time="4.111" timestamp="2026-03-30T15:38:32.032290+00:00" hostname="agent-env-970ae3f8-9d83-4108-bd86-9d8ba4efae2d"><testcase classname="backend.tests.test_tech_app_p0_bugs.TestTechAuthentication" name="test_tech_login_success" time="0.408" /><testcase classname="backend.tests.test_tech_app_p0_bugs.TestTechAuthentication" name="test_tech_login_wrong_password" time="0.352" /><testcase classname="backend.tests.test_tech_app_p0_bugs.TestTechInterventionCreation" name="test_tech_can_create_intervention" time="0.581" /><testcase classname="backend.tests.test_tech_app_p0_bugs.TestTechInterventionCreation" name="test_tech_can_list_interventions" time="0.454" /><testcase classname="backend.tests.test_tech_app_p0_bugs.TestTechDevisCreation" name="test_tech_can_create_devis" time="0.626" /><testcase classname="backend.tests.test_tech_app_p0_bugs.TestTechDevisCreation" name="test_devis_total_calculation" time="0.640" /><testcase classname="backend.tests.test_tech_app_p0_bugs.TestTechDevisCreation" name="test_tech_can_list_devis" time="0.523" /><testcase classname="backend.tests.test_tech_app_p0_bugs.TestTechClientsAccess" name="test_tech_can_list_clients" time="0.466" /></testsuite></testsuites>