<?xml version="1.0" encoding="utf-8"?><testsuites name="pytest tests"><testsuite name="pytest" errors="0" failures="0" skipped="1" tests="12" time="9.660" timestamp="2026-03-30T17:09:34.612273+00:00" hostname="agent-env-970ae3f8-9d83-4108-bd86-9d8ba4efae2d"><testcase classname="backend.tests.test_branding_pdf.TestBrandingAPI" name="test_01_branding_update_color_valid" time="0.763" /><testcase classname="backend.tests.test_branding_pdf.TestBrandingAPI" name="test_02_branding_update_color_invalid" time="0.587" /><testcase classname="backend.tests.test_branding_pdf.TestBrandingAPI" name="test_03_branding_reset_to_default" time="0.516" /><testcase classname="backend.tests.test_branding_pdf.TestBrandingAPI" name="test_04_logo_upload_requires_admin" time="0.912" /><testcase classname="backend.tests.test_branding_pdf.TestBrandingAPI" name="test_05_branding_requires_admin" time="0.829" /><testcase classname="backend.tests.test_branding_pdf.TestPDFGeneration" name="test_01_get_existing_devis_pdf" time="0.608" /><testcase classname="backend.tests.test_branding_pdf.TestPDFGeneration" name="test_02_get_existing_facture_pdf" time="1.889" /><testcase classname="backend.tests.test_branding_pdf.TestPDFGeneration" name="test_03_create_devis_and_get_pdf" time="0.922" /><testcase classname="backend.tests.test_branding_pdf.TestPDFGeneration" name="test_04_create_facture_and_get_pdf_with_qr" time="0.994" /><testcase classname="backend.tests.test_branding_pdf.TestPDFGeneration" name="test_05_paid_facture_no_qr_code" time="0.478"><skipped type="pytest.skip" message="No paid factures available">/app/backend/tests/test_branding_pdf.py:317: No paid factures available</skipped></testcase><testcase classname="backend.tests.test_branding_pdf.TestEntrepriseAPI" name="test_01_get_entreprise" time="0.497" /><testcase classname="backend.tests.test_branding_pdf.TestEntrepriseAPI" name="test_02_update_entreprise" time="0.599" /></testsuite></testsuites>