<?xml version="1.0" encoding="utf-8"?><testsuites name="pytest tests"><testsuite name="pytest" errors="0" failures="0" skipped="0" tests="16" time="6.370" timestamp="2026-03-26T15:03:28.165200+00:00" hostname="agent-env-970ae3f8-9d83-4108-bd86-9d8ba4efae2d"><testcase classname="backend.tests.test_delete_cancel_pdf.TestAuthAndSetup" name="test_login_success" time="0.517" /><testcase classname="backend.tests.test_delete_cancel_pdf.TestDevisDelete" name="test_delete_devis_brouillon" time="0.701" /><testcase classname="backend.tests.test_delete_cancel_pdf.TestDevisDelete" name="test_delete_devis_envoye" time="0.673" /><testcase classname="backend.tests.test_delete_cancel_pdf.TestDevisDelete" name="test_cannot_delete_signed_devis" time="0.058" /><testcase classname="backend.tests.test_delete_cancel_pdf.TestInterventionDeleteAndCancel" name="test_delete_planifiee_intervention" time="0.669" /><testcase classname="backend.tests.test_delete_cancel_pdf.TestInterventionDeleteAndCancel" name="test_cancel_intervention" time="0.201" /><testcase classname="backend.tests.test_delete_cancel_pdf.TestInterventionDeleteAndCancel" name="test_cannot_delete_started_intervention" time="0.059" /><testcase classname="backend.tests.test_delete_cancel_pdf.TestFactureDelete" name="test_delete_brouillon_facture" time="0.633" /><testcase classname="backend.tests.test_delete_cancel_pdf.TestFactureDelete" name="test_cannot_delete_emise_facture" time="0.119" /><testcase classname="backend.tests.test_delete_cancel_pdf.TestUserDelete" name="test_invite_and_delete_technician" time="0.711" /><testcase classname="backend.tests.test_delete_cancel_pdf.TestPDFDownload" name="test_devis_pdf_download" time="0.650" /><testcase classname="backend.tests.test_delete_cancel_pdf.TestPDFDownload" name="test_facture_pdf_download" time="0.248" /><testcase classname="backend.tests.test_delete_cancel_pdf.TestPDFDownload" name="test_pdf_download_invalid_token" time="0.137" /><testcase classname="backend.tests.test_delete_cancel_pdf.TestDashboardStats" name="test_dashboard_stats_structure" time="0.511" /><testcase classname="backend.tests.test_delete_cancel_pdf.TestDashboardStats" name="test_interventions_today_count" time="0.334" /><testcase classname="backend.tests.test_delete_cancel_pdf.TestDashboardStats" name="test_dashboard_alerts" time="0.055" /></testsuite></testsuites>