<?xml version="1.0" encoding="utf-8"?><testsuites name="pytest tests"><testsuite name="pytest" errors="0" failures="0" skipped="0" tests="43" time="63.160" timestamp="2026-03-31T14:16:38.319874+00:00" hostname="agent-env-970ae3f8-9d83-4108-bd86-9d8ba4efae2d"><testcase classname="tests.test_comprehensive_actoos.TestAuthentication" name="test_admin_login_success" time="0.365" /><testcase classname="tests.test_comprehensive_actoos.TestAuthentication" name="test_tech_login_success" time="0.362" /><testcase classname="tests.test_comprehensive_actoos.TestAuthentication" name="test_login_invalid_credentials" time="0.128" /><testcase classname="tests.test_comprehensive_actoos.TestAuthentication" name="test_get_current_user" time="0.458" /><testcase classname="tests.test_comprehensive_actoos.TestPlansAndSubscription" name="test_list_plans" time="0.111" /><testcase classname="tests.test_comprehensive_actoos.TestPlansAndSubscription" name="test_get_usage" time="0.428" /><testcase classname="tests.test_comprehensive_actoos.TestPlansAndSubscription" name="test_billing_summary" time="0.458" /><testcase classname="tests.test_comprehensive_actoos.TestPlansAndSubscription" name="test_available_plans_for_change" time="0.451" /><testcase classname="tests.test_comprehensive_actoos.TestClientsCRUD" name="test_create_client" time="0.539" /><testcase classname="tests.test_comprehensive_actoos.TestClientsCRUD" name="test_list_clients" time="0.462" /><testcase classname="tests.test_comprehensive_actoos.TestClientsCRUD" name="test_get_client" time="0.681" /><testcase classname="tests.test_comprehensive_actoos.TestClientsCRUD" name="test_update_client" time="0.727" /><testcase classname="tests.test_comprehensive_actoos.TestClientsCRUD" name="test_delete_client" time="0.689" /><testcase classname="tests.test_comprehensive_actoos.TestInterventionsCRUD" name="test_create_intervention" time="1.031" /><testcase classname="tests.test_comprehensive_actoos.TestInterventionsCRUD" name="test_list_interventions" time="0.593" /><testcase classname="tests.test_comprehensive_actoos.TestInterventionsCRUD" name="test_intervention_workflow" time="1.300" /><testcase classname="tests.test_comprehensive_actoos.TestInterventionsCRUD" name="test_cancel_intervention" time="0.951" /><testcase classname="tests.test_comprehensive_actoos.TestDevisCRUD" name="test_create_devis" time="0.724" /><testcase classname="tests.test_comprehensive_actoos.TestDevisCRUD" name="test_list_devis" time="0.588" /><testcase classname="tests.test_comprehensive_actoos.TestDevisCRUD" name="test_devis_workflow" time="1.314" /><testcase classname="tests.test_comprehensive_actoos.TestDevisCRUD" name="test_get_devis_pdf" time="0.722" /><testcase classname="tests.test_comprehensive_actoos.TestFacturesCRUD" name="test_create_facture" time="0.684" /><testcase classname="tests.test_comprehensive_actoos.TestFacturesCRUD" name="test_list_factures" time="0.549" /><testcase classname="tests.test_comprehensive_actoos.TestFacturesCRUD" name="test_facture_workflow" time="1.341" /><testcase classname="tests.test_comprehensive_actoos.TestFacturesCRUD" name="test_get_facture_pdf" time="0.706" /><testcase classname="tests.test_comprehensive_actoos.TestCategories" name="test_list_categories" time="0.446" /><testcase classname="tests.test_comprehensive_actoos.TestCategories" name="test_create_category" time="0.434" /><testcase classname="tests.test_comprehensive_actoos.TestEntrepriseSettings" name="test_get_entreprise" time="0.439" /><testcase classname="tests.test_comprehensive_actoos.TestEntrepriseSettings" name="test_update_entreprise" time="0.454" /><testcase classname="tests.test_comprehensive_actoos.TestEntrepriseSettings" name="test_update_branding_color" time="0.481" /><testcase classname="tests.test_comprehensive_actoos.TestEntrepriseSettings" name="test_update_branding_invalid_color" time="0.437" /><testcase classname="tests.test_comprehensive_actoos.TestPortal" name="test_get_portal_link" time="0.697" /><testcase classname="tests.test_comprehensive_actoos.TestPortal" name="test_portal_dashboard" time="36.827" /><testcase classname="tests.test_comprehensive_actoos.TestTechnicianPWA" name="test_get_today_interventions" time="0.623" /><testcase classname="tests.test_comprehensive_actoos.TestTechnicianPWA" name="test_get_available_interventions" time="0.440" /><testcase classname="tests.test_comprehensive_actoos.TestUsers" name="test_list_users" time="0.448" /><testcase classname="tests.test_comprehensive_actoos.TestUsers" name="test_invite_technician" time="0.434" /><testcase classname="tests.test_comprehensive_actoos.TestAPIEndpoints" name="test_currencies_endpoint" time="0.437" /><testcase classname="tests.test_comprehensive_actoos.TestAPIEndpoints" name="test_locales_endpoint" time="0.441" /><testcase classname="tests.test_comprehensive_actoos.TestAPIEndpoints" name="test_sms_status_endpoint" time="0.428" /><testcase classname="tests.test_comprehensive_actoos.TestAPIEndpoints" name="test_public_api_info" time="0.441" /><testcase classname="tests.test_comprehensive_actoos.TestStressTest" name="test_plans_endpoint_multiple_calls" time="1.090" /><testcase classname="tests.test_comprehensive_actoos.TestStressTest" name="test_auth_endpoint_multiple_calls" time="1.735" /></testsuite></testsuites>