<?xml version="1.0" encoding="utf-8"?><testsuites name="pytest tests"><testsuite name="pytest" errors="0" failures="0" skipped="0" tests="25" time="5.220" timestamp="2026-04-22T11:40:57.341866+00:00" hostname="agent-env-970ae3f8-9d83-4108-bd86-9d8ba4efae2d"><testcase classname="backend.tests.test_chat_devis_pwa_iteration30.TestAuthentication" name="test_login_success" time="0.493" /><testcase classname="backend.tests.test_chat_devis_pwa_iteration30.TestChatConversations" name="test_get_conversations_endpoint_exists" time="0.460" /><testcase classname="backend.tests.test_chat_devis_pwa_iteration30.TestChatConversations" name="test_get_conversations_returns_list" time="0.115" /><testcase classname="backend.tests.test_chat_devis_pwa_iteration30.TestChatConversations" name="test_get_conversations_structure" time="0.118" /><testcase classname="backend.tests.test_chat_devis_pwa_iteration30.TestChatMessages" name="test_get_messages_endpoint_exists" time="0.501" /><testcase classname="backend.tests.test_chat_devis_pwa_iteration30.TestChatMessages" name="test_post_message_endpoint_exists" time="0.106" /><testcase classname="backend.tests.test_chat_devis_pwa_iteration30.TestChatMessages" name="test_post_message_structure" time="0.109" /><testcase classname="backend.tests.test_chat_devis_pwa_iteration30.TestChatUnreadCount" name="test_unread_count_endpoint_exists" time="0.446" /><testcase classname="backend.tests.test_chat_devis_pwa_iteration30.TestChatUnreadCount" name="test_unread_count_structure" time="0.104" /><testcase classname="backend.tests.test_chat_devis_pwa_iteration30.TestDevisListWithTechFilter" name="test_devis_list_endpoint_exists" time="0.462" /><testcase classname="backend.tests.test_chat_devis_pwa_iteration30.TestDevisListWithTechFilter" name="test_devis_list_with_statut_filter" time="0.116" /><testcase classname="backend.tests.test_chat_devis_pwa_iteration30.TestDevisListWithTechFilter" name="test_devis_list_created_by_tech_param_NOT_IMPLEMENTED" time="0.112" /><testcase classname="backend.tests.test_chat_devis_pwa_iteration30.TestDevisSignature" name="test_sign_devis_endpoint_exists" time="0.463" /><testcase classname="backend.tests.test_chat_devis_pwa_iteration30.TestDevisSignature" name="test_sign_devis_requires_signature_param" time="0.109" /><testcase classname="backend.tests.test_chat_devis_pwa_iteration30.TestDevisSignature" name="test_sign_devis_requires_nom_signataire_param" time="0.107" /><testcase classname="backend.tests.test_chat_devis_pwa_iteration30.TestDevisSignature" name="test_sign_devis_with_real_devis" time="0.318" /><testcase classname="backend.tests.test_chat_devis_pwa_iteration30.TestPWAManifest" name="test_manifest_exists" time="0.102" /><testcase classname="backend.tests.test_chat_devis_pwa_iteration30.TestPWAManifest" name="test_manifest_theme_color_green" time="0.102" /><testcase classname="backend.tests.test_chat_devis_pwa_iteration30.TestPWAManifest" name="test_manifest_has_icons" time="0.122" /><testcase classname="backend.tests.test_chat_devis_pwa_iteration30.TestPWAManifest" name="test_manifest_has_required_fields" time="0.104" /><testcase classname="backend.tests.test_chat_devis_pwa_iteration30.TestPWAManifest" name="test_manifest_name_actoos_pro" time="0.105" /><testcase classname="backend.tests.test_chat_devis_pwa_iteration30.TestChatEndpointsRequireAuth" name="test_conversations_requires_auth" time="0.116" /><testcase classname="backend.tests.test_chat_devis_pwa_iteration30.TestChatEndpointsRequireAuth" name="test_messages_requires_auth" time="0.113" /><testcase classname="backend.tests.test_chat_devis_pwa_iteration30.TestChatEndpointsRequireAuth" name="test_post_message_requires_auth" time="0.107" /><testcase classname="backend.tests.test_chat_devis_pwa_iteration30.TestChatEndpointsRequireAuth" name="test_unread_count_requires_auth" time="0.126" /></testsuite></testsuites>